2025-11-12 17:28:39,365Z - INFO - Loading rf model from /home/ilyamus/GPTGROKWORK/AITrainer_V5/model_te_direction_rf_15m.pkl
2025-11-12 17:28:40,361Z - INFO - Loading xgb model from /home/ilyamus/GPTGROKWORK/AITrainer_V5/model_te_direction_xgb_15m.pkl
2025-11-12 17:28:40,413Z - INFO - Loading reg model from /home/ilyamus/GPTGROKWORK/AITrainer_V5/model_te_magnitude_xgb_15m.pkl
2025-11-12 17:28:40,433Z - INFO - Loading event label encoder from /home/ilyamus/GPTGROKWORK/AITrainer_V5/label_encoder_event_te_15m.pkl
2025-11-12 17:29:09,181Z - WARNING - No news fetched for current mode
2025-11-12 17:29:09,186Z - INFO - No predictions to insert
2025-11-12 17:32:11,651Z - INFO - Loading rf model from /home/ilyamus/GPTGROKWORK/AITrainer_V5/model_te_direction_rf_15m.pkl
2025-11-12 17:32:12,786Z - INFO - Loading xgb model from /home/ilyamus/GPTGROKWORK/AITrainer_V5/model_te_direction_xgb_15m.pkl
2025-11-12 17:32:12,851Z - INFO - Loading reg model from /home/ilyamus/GPTGROKWORK/AITrainer_V5/model_te_magnitude_xgb_15m.pkl
2025-11-12 17:32:12,873Z - INFO - Loading event label encoder from /home/ilyamus/GPTGROKWORK/AITrainer_V5/label_encoder_event_te_15m.pkl
2025-11-12 17:32:41,110Z - WARNING - No news fetched for current mode
2025-11-12 17:32:41,112Z - INFO - No predictions to insert
2025-11-12 17:34:12,002Z - INFO - Loading rf model from /home/ilyamus/GPTGROKWORK/AITrainer_V5/model_te_direction_rf_15m.pkl
2025-11-12 17:34:13,067Z - INFO - Loading xgb model from /home/ilyamus/GPTGROKWORK/AITrainer_V5/model_te_direction_xgb_15m.pkl
2025-11-12 17:34:13,117Z - INFO - Loading reg model from /home/ilyamus/GPTGROKWORK/AITrainer_V5/model_te_magnitude_xgb_15m.pkl
2025-11-12 17:34:13,138Z - INFO - Loading event label encoder from /home/ilyamus/GPTGROKWORK/AITrainer_V5/label_encoder_event_te_15m.pkl
2025-11-12 17:34:42,532Z - WARNING - No news fetched for current mode
2025-11-12 17:34:42,534Z - INFO - No predictions to insert
2025-11-12 17:36:11,329Z - INFO - Loading rf model from /home/ilyamus/GPTGROKWORK/AITrainer_V5/model_te_direction_rf_15m.pkl
2025-11-12 17:36:12,399Z - INFO - Loading xgb model from /home/ilyamus/GPTGROKWORK/AITrainer_V5/model_te_direction_xgb_15m.pkl
2025-11-12 17:36:12,455Z - INFO - Loading reg model from /home/ilyamus/GPTGROKWORK/AITrainer_V5/model_te_magnitude_xgb_15m.pkl
2025-11-12 17:36:12,494Z - INFO - Loading event label encoder from /home/ilyamus/GPTGROKWORK/AITrainer_V5/label_encoder_event_te_15m.pkl
2025-11-12 17:36:45,434Z - WARNING - No news fetched for current mode
2025-11-12 17:36:45,438Z - INFO - No predictions to insert
2025-11-12 17:38:11,751Z - INFO - Loading rf model from /home/ilyamus/GPTGROKWORK/AITrainer_V5/model_te_direction_rf_15m.pkl
2025-11-12 17:38:12,811Z - INFO - Loading xgb model from /home/ilyamus/GPTGROKWORK/AITrainer_V5/model_te_direction_xgb_15m.pkl
2025-11-12 17:38:12,867Z - INFO - Loading reg model from /home/ilyamus/GPTGROKWORK/AITrainer_V5/model_te_magnitude_xgb_15m.pkl
2025-11-12 17:38:12,890Z - INFO - Loading event label encoder from /home/ilyamus/GPTGROKWORK/AITrainer_V5/label_encoder_event_te_15m.pkl
2025-11-12 17:38:41,992Z - WARNING - No news fetched for current mode
2025-11-12 17:38:41,994Z - INFO - No predictions to insert
2025-11-12 17:40:11,790Z - INFO - Loading rf model from /home/ilyamus/GPTGROKWORK/AITrainer_V5/model_te_direction_rf_15m.pkl
2025-11-12 17:40:12,891Z - INFO - Loading xgb model from /home/ilyamus/GPTGROKWORK/AITrainer_V5/model_te_direction_xgb_15m.pkl
2025-11-12 17:40:12,963Z - INFO - Loading reg model from /home/ilyamus/GPTGROKWORK/AITrainer_V5/model_te_magnitude_xgb_15m.pkl
2025-11-12 17:40:12,985Z - INFO - Loading event label encoder from /home/ilyamus/GPTGROKWORK/AITrainer_V5/label_encoder_event_te_15m.pkl
2025-11-12 17:40:44,195Z - WARNING - No news fetched for current mode
2025-11-12 17:40:44,200Z - INFO - No predictions to insert
2025-11-12 17:42:11,396Z - INFO - Loading rf model from /home/ilyamus/GPTGROKWORK/AITrainer_V5/model_te_direction_rf_15m.pkl
2025-11-12 17:42:12,440Z - INFO - Loading xgb model from /home/ilyamus/GPTGROKWORK/AITrainer_V5/model_te_direction_xgb_15m.pkl
2025-11-12 17:42:12,495Z - INFO - Loading reg model from /home/ilyamus/GPTGROKWORK/AITrainer_V5/model_te_magnitude_xgb_15m.pkl
2025-11-12 17:42:12,516Z - INFO - Loading event label encoder from /home/ilyamus/GPTGROKWORK/AITrainer_V5/label_encoder_event_te_15m.pkl
2025-11-12 17:42:47,018Z - WARNING - No news fetched for current mode
2025-11-12 17:42:47,020Z - INFO - No predictions to insert
2025-11-12 17:44:11,910Z - INFO - Loading rf model from /home/ilyamus/GPTGROKWORK/AITrainer_V5/model_te_direction_rf_15m.pkl
2025-11-12 17:44:12,981Z - INFO - Loading xgb model from /home/ilyamus/GPTGROKWORK/AITrainer_V5/model_te_direction_xgb_15m.pkl
2025-11-12 17:44:13,038Z - INFO - Loading reg model from /home/ilyamus/GPTGROKWORK/AITrainer_V5/model_te_magnitude_xgb_15m.pkl
2025-11-12 17:44:13,058Z - INFO - Loading event label encoder from /home/ilyamus/GPTGROKWORK/AITrainer_V5/label_encoder_event_te_15m.pkl
2025-11-12 17:44:40,897Z - WARNING - No news fetched for current mode
2025-11-12 17:44:40,900Z - INFO - No predictions to insert
2025-11-12 17:46:11,752Z - INFO - Loading rf model from /home/ilyamus/GPTGROKWORK/AITrainer_V5/model_te_direction_rf_15m.pkl
2025-11-12 17:46:12,795Z - INFO - Loading xgb model from /home/ilyamus/GPTGROKWORK/AITrainer_V5/model_te_direction_xgb_15m.pkl
2025-11-12 17:46:12,849Z - INFO - Loading reg model from /home/ilyamus/GPTGROKWORK/AITrainer_V5/model_te_magnitude_xgb_15m.pkl
2025-11-12 17:46:12,881Z - INFO - Loading event label encoder from /home/ilyamus/GPTGROKWORK/AITrainer_V5/label_encoder_event_te_15m.pkl
2025-11-12 17:46:41,241Z - WARNING - No news fetched for current mode
2025-11-12 17:46:41,244Z - INFO - No predictions to insert
2025-11-12 17:48:11,361Z - INFO - Loading rf model from /home/ilyamus/GPTGROKWORK/AITrainer_V5/model_te_direction_rf_15m.pkl
2025-11-12 17:48:12,594Z - INFO - Loading xgb model from /home/ilyamus/GPTGROKWORK/AITrainer_V5/model_te_direction_xgb_15m.pkl
2025-11-12 17:48:12,702Z - INFO - Loading reg model from /home/ilyamus/GPTGROKWORK/AITrainer_V5/model_te_magnitude_xgb_15m.pkl
2025-11-12 17:48:12,731Z - INFO - Loading event label encoder from /home/ilyamus/GPTGROKWORK/AITrainer_V5/label_encoder_event_te_15m.pkl
2025-11-12 17:48:40,653Z - WARNING - No news fetched for current mode
2025-11-12 17:48:40,657Z - INFO - No predictions to insert
2025-11-12 17:50:11,540Z - INFO - Loading rf model from /home/ilyamus/GPTGROKWORK/AITrainer_V5/model_te_direction_rf_15m.pkl
2025-11-12 17:50:12,623Z - INFO - Loading xgb model from /home/ilyamus/GPTGROKWORK/AITrainer_V5/model_te_direction_xgb_15m.pkl
2025-11-12 17:50:12,681Z - INFO - Loading reg model from /home/ilyamus/GPTGROKWORK/AITrainer_V5/model_te_magnitude_xgb_15m.pkl
2025-11-12 17:50:12,704Z - INFO - Loading event label encoder from /home/ilyamus/GPTGROKWORK/AITrainer_V5/label_encoder_event_te_15m.pkl
2025-11-12 17:50:41,333Z - WARNING - No news fetched for current mode
2025-11-12 17:50:41,336Z - INFO - No predictions to insert
2025-11-12 17:52:10,902Z - INFO - Loading rf model from /home/ilyamus/GPTGROKWORK/AITrainer_V5/model_te_direction_rf_15m.pkl
2025-11-12 17:52:11,773Z - INFO - Loading xgb model from /home/ilyamus/GPTGROKWORK/AITrainer_V5/model_te_direction_xgb_15m.pkl
2025-11-12 17:52:11,823Z - INFO - Loading reg model from /home/ilyamus/GPTGROKWORK/AITrainer_V5/model_te_magnitude_xgb_15m.pkl
2025-11-12 17:52:11,845Z - INFO - Loading event label encoder from /home/ilyamus/GPTGROKWORK/AITrainer_V5/label_encoder_event_te_15m.pkl
2025-11-12 17:52:38,673Z - WARNING - No news fetched for current mode
2025-11-12 17:52:38,677Z - INFO - No predictions to insert
2025-11-12 17:54:11,918Z - INFO - Loading rf model from /home/ilyamus/GPTGROKWORK/AITrainer_V5/model_te_direction_rf_15m.pkl
2025-11-12 17:54:13,056Z - INFO - Loading xgb model from /home/ilyamus/GPTGROKWORK/AITrainer_V5/model_te_direction_xgb_15m.pkl
2025-11-12 17:54:13,102Z - INFO - Loading reg model from /home/ilyamus/GPTGROKWORK/AITrainer_V5/model_te_magnitude_xgb_15m.pkl
2025-11-12 17:54:13,128Z - INFO - Loading event label encoder from /home/ilyamus/GPTGROKWORK/AITrainer_V5/label_encoder_event_te_15m.pkl
2025-11-12 17:54:42,686Z - WARNING - No news fetched for current mode
2025-11-12 17:54:42,690Z - INFO - No predictions to insert
2025-11-12 17:56:11,757Z - INFO - Loading rf model from /home/ilyamus/GPTGROKWORK/AITrainer_V5/model_te_direction_rf_15m.pkl
2025-11-12 17:56:12,930Z - INFO - Loading xgb model from /home/ilyamus/GPTGROKWORK/AITrainer_V5/model_te_direction_xgb_15m.pkl
2025-11-12 17:56:12,981Z - INFO - Loading reg model from /home/ilyamus/GPTGROKWORK/AITrainer_V5/model_te_magnitude_xgb_15m.pkl
2025-11-12 17:56:13,002Z - INFO - Loading event label encoder from /home/ilyamus/GPTGROKWORK/AITrainer_V5/label_encoder_event_te_15m.pkl
2025-11-12 17:56:41,915Z - WARNING - No news fetched for current mode
2025-11-12 17:56:41,920Z - INFO - No predictions to insert
2025-11-12 17:58:11,633Z - INFO - Loading rf model from /home/ilyamus/GPTGROKWORK/AITrainer_V5/model_te_direction_rf_15m.pkl
2025-11-12 17:58:12,568Z - INFO - Loading xgb model from /home/ilyamus/GPTGROKWORK/AITrainer_V5/model_te_direction_xgb_15m.pkl
2025-11-12 17:58:12,618Z - INFO - Loading reg model from /home/ilyamus/GPTGROKWORK/AITrainer_V5/model_te_magnitude_xgb_15m.pkl
2025-11-12 17:58:12,635Z - INFO - Loading event label encoder from /home/ilyamus/GPTGROKWORK/AITrainer_V5/label_encoder_event_te_15m.pkl
2025-11-12 17:58:41,581Z - WARNING - No news fetched for current mode
2025-11-12 17:58:41,584Z - INFO - No predictions to insert
2025-11-12 18:00:12,004Z - INFO - Loading rf model from /home/ilyamus/GPTGROKWORK/AITrainer_V5/model_te_direction_rf_15m.pkl
2025-11-12 18:00:13,330Z - INFO - Loading xgb model from /home/ilyamus/GPTGROKWORK/AITrainer_V5/model_te_direction_xgb_15m.pkl
2025-11-12 18:00:13,405Z - INFO - Loading reg model from /home/ilyamus/GPTGROKWORK/AITrainer_V5/model_te_magnitude_xgb_15m.pkl
2025-11-12 18:00:13,444Z - INFO - Loading event label encoder from /home/ilyamus/GPTGROKWORK/AITrainer_V5/label_encoder_event_te_15m.pkl
2025-11-12 18:01:20,878Z - WARNING - No news fetched for current mode
2025-11-12 18:01:20,882Z - INFO - No predictions to insert
2025-11-12 18:02:11,452Z - INFO - Loading rf model from /home/ilyamus/GPTGROKWORK/AITrainer_V5/model_te_direction_rf_15m.pkl
2025-11-12 18:02:12,481Z - INFO - Loading xgb model from /home/ilyamus/GPTGROKWORK/AITrainer_V5/model_te_direction_xgb_15m.pkl
2025-11-12 18:02:12,539Z - INFO - Loading reg model from /home/ilyamus/GPTGROKWORK/AITrainer_V5/model_te_magnitude_xgb_15m.pkl
2025-11-12 18:02:12,565Z - INFO - Loading event label encoder from /home/ilyamus/GPTGROKWORK/AITrainer_V5/label_encoder_event_te_15m.pkl
2025-11-12 18:02:41,336Z - WARNING - No news fetched for current mode
2025-11-12 18:02:41,338Z - INFO - No predictions to insert
2025-11-12 18:04:11,691Z - INFO - Loading rf model from /home/ilyamus/GPTGROKWORK/AITrainer_V5/model_te_direction_rf_15m.pkl
2025-11-12 18:04:12,644Z - INFO - Loading xgb model from /home/ilyamus/GPTGROKWORK/AITrainer_V5/model_te_direction_xgb_15m.pkl
2025-11-12 18:04:12,697Z - INFO - Loading reg model from /home/ilyamus/GPTGROKWORK/AITrainer_V5/model_te_magnitude_xgb_15m.pkl
2025-11-12 18:04:12,716Z - INFO - Loading event label encoder from /home/ilyamus/GPTGROKWORK/AITrainer_V5/label_encoder_event_te_15m.pkl
2025-11-12 18:04:40,598Z - WARNING - No news fetched for current mode
2025-11-12 18:04:40,601Z - INFO - No predictions to insert
2025-11-12 18:06:12,047Z - INFO - Loading rf model from /home/ilyamus/GPTGROKWORK/AITrainer_V5/model_te_direction_rf_15m.pkl
2025-11-12 18:06:13,149Z - INFO - Loading xgb model from /home/ilyamus/GPTGROKWORK/AITrainer_V5/model_te_direction_xgb_15m.pkl
2025-11-12 18:06:13,216Z - INFO - Loading reg model from /home/ilyamus/GPTGROKWORK/AITrainer_V5/model_te_magnitude_xgb_15m.pkl
2025-11-12 18:06:13,248Z - INFO - Loading event label encoder from /home/ilyamus/GPTGROKWORK/AITrainer_V5/label_encoder_event_te_15m.pkl
2025-11-12 18:06:43,082Z - WARNING - No news fetched for current mode
2025-11-12 18:06:43,087Z - INFO - No predictions to insert
2025-11-12 18:08:11,525Z - INFO - Loading rf model from /home/ilyamus/GPTGROKWORK/AITrainer_V5/model_te_direction_rf_15m.pkl
2025-11-12 18:08:12,474Z - INFO - Loading xgb model from /home/ilyamus/GPTGROKWORK/AITrainer_V5/model_te_direction_xgb_15m.pkl
2025-11-12 18:08:12,521Z - INFO - Loading reg model from /home/ilyamus/GPTGROKWORK/AITrainer_V5/model_te_magnitude_xgb_15m.pkl
2025-11-12 18:08:12,539Z - INFO - Loading event label encoder from /home/ilyamus/GPTGROKWORK/AITrainer_V5/label_encoder_event_te_15m.pkl
2025-11-12 18:08:39,302Z - WARNING - No news fetched for current mode
2025-11-12 18:08:39,307Z - INFO - No predictions to insert
2025-11-12 18:10:11,747Z - INFO - Loading rf model from /home/ilyamus/GPTGROKWORK/AITrainer_V5/model_te_direction_rf_15m.pkl
2025-11-12 18:10:12,736Z - INFO - Loading xgb model from /home/ilyamus/GPTGROKWORK/AITrainer_V5/model_te_direction_xgb_15m.pkl
2025-11-12 18:10:12,792Z - INFO - Loading reg model from /home/ilyamus/GPTGROKWORK/AITrainer_V5/model_te_magnitude_xgb_15m.pkl
2025-11-12 18:10:12,812Z - INFO - Loading event label encoder from /home/ilyamus/GPTGROKWORK/AITrainer_V5/label_encoder_event_te_15m.pkl
2025-11-12 18:10:41,236Z - WARNING - No news fetched for current mode
2025-11-12 18:10:41,238Z - INFO - No predictions to insert
2025-11-12 18:12:11,413Z - INFO - Loading rf model from /home/ilyamus/GPTGROKWORK/AITrainer_V5/model_te_direction_rf_15m.pkl
2025-11-12 18:12:12,507Z - INFO - Loading xgb model from /home/ilyamus/GPTGROKWORK/AITrainer_V5/model_te_direction_xgb_15m.pkl
2025-11-12 18:12:12,591Z - INFO - Loading reg model from /home/ilyamus/GPTGROKWORK/AITrainer_V5/model_te_magnitude_xgb_15m.pkl
2025-11-12 18:12:12,627Z - INFO - Loading event label encoder from /home/ilyamus/GPTGROKWORK/AITrainer_V5/label_encoder_event_te_15m.pkl
2025-11-12 18:12:46,194Z - WARNING - No news fetched for current mode
2025-11-12 18:12:46,197Z - INFO - No predictions to insert
2025-11-12 18:14:11,400Z - INFO - Loading rf model from /home/ilyamus/GPTGROKWORK/AITrainer_V5/model_te_direction_rf_15m.pkl
2025-11-12 18:14:12,298Z - INFO - Loading xgb model from /home/ilyamus/GPTGROKWORK/AITrainer_V5/model_te_direction_xgb_15m.pkl
2025-11-12 18:14:12,343Z - INFO - Loading reg model from /home/ilyamus/GPTGROKWORK/AITrainer_V5/model_te_magnitude_xgb_15m.pkl
2025-11-12 18:14:12,359Z - INFO - Loading event label encoder from /home/ilyamus/GPTGROKWORK/AITrainer_V5/label_encoder_event_te_15m.pkl
2025-11-12 18:14:39,486Z - WARNING - No news fetched for current mode
2025-11-12 18:14:39,490Z - INFO - No predictions to insert
2025-11-12 18:16:11,522Z - INFO - Loading rf model from /home/ilyamus/GPTGROKWORK/AITrainer_V5/model_te_direction_rf_15m.pkl
2025-11-12 18:16:12,644Z - INFO - Loading xgb model from /home/ilyamus/GPTGROKWORK/AITrainer_V5/model_te_direction_xgb_15m.pkl
2025-11-12 18:16:12,699Z - INFO - Loading reg model from /home/ilyamus/GPTGROKWORK/AITrainer_V5/model_te_magnitude_xgb_15m.pkl
2025-11-12 18:16:12,716Z - INFO - Loading event label encoder from /home/ilyamus/GPTGROKWORK/AITrainer_V5/label_encoder_event_te_15m.pkl
2025-11-12 18:16:40,057Z - WARNING - No news fetched for current mode
2025-11-12 18:16:40,059Z - INFO - No predictions to insert
2025-11-12 18:18:12,134Z - INFO - Loading rf model from /home/ilyamus/GPTGROKWORK/AITrainer_V5/model_te_direction_rf_15m.pkl
2025-11-12 18:18:13,153Z - INFO - Loading xgb model from /home/ilyamus/GPTGROKWORK/AITrainer_V5/model_te_direction_xgb_15m.pkl
2025-11-12 18:18:13,216Z - INFO - Loading reg model from /home/ilyamus/GPTGROKWORK/AITrainer_V5/model_te_magnitude_xgb_15m.pkl
2025-11-12 18:18:13,238Z - INFO - Loading event label encoder from /home/ilyamus/GPTGROKWORK/AITrainer_V5/label_encoder_event_te_15m.pkl
2025-11-12 18:18:45,400Z - WARNING - No news fetched for current mode
2025-11-12 18:18:45,404Z - INFO - No predictions to insert
2025-11-12 18:20:11,421Z - INFO - Loading rf model from /home/ilyamus/GPTGROKWORK/AITrainer_V5/model_te_direction_rf_15m.pkl
2025-11-12 18:20:12,468Z - INFO - Loading xgb model from /home/ilyamus/GPTGROKWORK/AITrainer_V5/model_te_direction_xgb_15m.pkl
2025-11-12 18:20:12,522Z - INFO - Loading reg model from /home/ilyamus/GPTGROKWORK/AITrainer_V5/model_te_magnitude_xgb_15m.pkl
2025-11-12 18:20:12,547Z - INFO - Loading event label encoder from /home/ilyamus/GPTGROKWORK/AITrainer_V5/label_encoder_event_te_15m.pkl
2025-11-12 18:20:41,109Z - WARNING - No news fetched for current mode
2025-11-12 18:20:41,111Z - INFO - No predictions to insert
2025-11-12 18:22:10,916Z - INFO - Loading rf model from /home/ilyamus/GPTGROKWORK/AITrainer_V5/model_te_direction_rf_15m.pkl
2025-11-12 18:22:12,006Z - INFO - Loading xgb model from /home/ilyamus/GPTGROKWORK/AITrainer_V5/model_te_direction_xgb_15m.pkl
2025-11-12 18:22:12,081Z - INFO - Loading reg model from /home/ilyamus/GPTGROKWORK/AITrainer_V5/model_te_magnitude_xgb_15m.pkl
2025-11-12 18:22:12,106Z - INFO - Loading event label encoder from /home/ilyamus/GPTGROKWORK/AITrainer_V5/label_encoder_event_te_15m.pkl
2025-11-12 18:22:38,682Z - WARNING - No news fetched for current mode
2025-11-12 18:22:38,684Z - INFO - No predictions to insert
2025-11-12 18:24:11,425Z - INFO - Loading rf model from /home/ilyamus/GPTGROKWORK/AITrainer_V5/model_te_direction_rf_15m.pkl
2025-11-12 18:24:12,392Z - INFO - Loading xgb model from /home/ilyamus/GPTGROKWORK/AITrainer_V5/model_te_direction_xgb_15m.pkl
2025-11-12 18:24:12,436Z - INFO - Loading reg model from /home/ilyamus/GPTGROKWORK/AITrainer_V5/model_te_magnitude_xgb_15m.pkl
2025-11-12 18:24:12,451Z - INFO - Loading event label encoder from /home/ilyamus/GPTGROKWORK/AITrainer_V5/label_encoder_event_te_15m.pkl
2025-11-12 18:24:39,700Z - WARNING - No news fetched for current mode
2025-11-12 18:24:39,703Z - INFO - No predictions to insert
2025-11-12 18:26:11,367Z - INFO - Loading rf model from /home/ilyamus/GPTGROKWORK/AITrainer_V5/model_te_direction_rf_15m.pkl
2025-11-12 18:26:12,386Z - INFO - Loading xgb model from /home/ilyamus/GPTGROKWORK/AITrainer_V5/model_te_direction_xgb_15m.pkl
2025-11-12 18:26:12,440Z - INFO - Loading reg model from /home/ilyamus/GPTGROKWORK/AITrainer_V5/model_te_magnitude_xgb_15m.pkl
2025-11-12 18:26:12,459Z - INFO - Loading event label encoder from /home/ilyamus/GPTGROKWORK/AITrainer_V5/label_encoder_event_te_15m.pkl
2025-11-12 18:26:42,129Z - WARNING - No news fetched for current mode
2025-11-12 18:26:42,132Z - INFO - No predictions to insert
2025-11-12 18:28:11,219Z - INFO - Loading rf model from /home/ilyamus/GPTGROKWORK/AITrainer_V5/model_te_direction_rf_15m.pkl
2025-11-12 18:28:12,138Z - INFO - Loading xgb model from /home/ilyamus/GPTGROKWORK/AITrainer_V5/model_te_direction_xgb_15m.pkl
2025-11-12 18:28:12,191Z - INFO - Loading reg model from /home/ilyamus/GPTGROKWORK/AITrainer_V5/model_te_magnitude_xgb_15m.pkl
2025-11-12 18:28:12,217Z - INFO - Loading event label encoder from /home/ilyamus/GPTGROKWORK/AITrainer_V5/label_encoder_event_te_15m.pkl
2025-11-12 18:28:40,529Z - WARNING - No news fetched for current mode
2025-11-12 18:28:40,532Z - INFO - No predictions to insert
2025-11-12 18:30:11,530Z - INFO - Loading rf model from /home/ilyamus/GPTGROKWORK/AITrainer_V5/model_te_direction_rf_15m.pkl
2025-11-12 18:30:12,631Z - INFO - Loading xgb model from /home/ilyamus/GPTGROKWORK/AITrainer_V5/model_te_direction_xgb_15m.pkl
2025-11-12 18:30:12,687Z - INFO - Loading reg model from /home/ilyamus/GPTGROKWORK/AITrainer_V5/model_te_magnitude_xgb_15m.pkl
2025-11-12 18:30:12,710Z - INFO - Loading event label encoder from /home/ilyamus/GPTGROKWORK/AITrainer_V5/label_encoder_event_te_15m.pkl
2025-11-12 18:30:41,999Z - WARNING - No news fetched for current mode
2025-11-12 18:30:42,003Z - INFO - No predictions to insert
2025-11-12 18:32:11,131Z - INFO - Loading rf model from /home/ilyamus/GPTGROKWORK/AITrainer_V5/model_te_direction_rf_15m.pkl
2025-11-12 18:32:12,123Z - INFO - Loading xgb model from /home/ilyamus/GPTGROKWORK/AITrainer_V5/model_te_direction_xgb_15m.pkl
2025-11-12 18:32:12,185Z - INFO - Loading reg model from /home/ilyamus/GPTGROKWORK/AITrainer_V5/model_te_magnitude_xgb_15m.pkl
2025-11-12 18:32:12,209Z - INFO - Loading event label encoder from /home/ilyamus/GPTGROKWORK/AITrainer_V5/label_encoder_event_te_15m.pkl
2025-11-12 18:32:39,341Z - WARNING - No news fetched for current mode
2025-11-12 18:32:39,345Z - INFO - No predictions to insert
2025-11-12 18:34:11,601Z - INFO - Loading rf model from /home/ilyamus/GPTGROKWORK/AITrainer_V5/model_te_direction_rf_15m.pkl
2025-11-12 18:34:12,591Z - INFO - Loading xgb model from /home/ilyamus/GPTGROKWORK/AITrainer_V5/model_te_direction_xgb_15m.pkl
2025-11-12 18:34:12,641Z - INFO - Loading reg model from /home/ilyamus/GPTGROKWORK/AITrainer_V5/model_te_magnitude_xgb_15m.pkl
2025-11-12 18:34:12,660Z - INFO - Loading event label encoder from /home/ilyamus/GPTGROKWORK/AITrainer_V5/label_encoder_event_te_15m.pkl
2025-11-12 18:34:40,185Z - WARNING - No news fetched for current mode
2025-11-12 18:34:40,188Z - INFO - No predictions to insert
2025-11-12 18:36:11,850Z - INFO - Loading rf model from /home/ilyamus/GPTGROKWORK/AITrainer_V5/model_te_direction_rf_15m.pkl
2025-11-12 18:36:12,920Z - INFO - Loading xgb model from /home/ilyamus/GPTGROKWORK/AITrainer_V5/model_te_direction_xgb_15m.pkl
2025-11-12 18:36:12,981Z - INFO - Loading reg model from /home/ilyamus/GPTGROKWORK/AITrainer_V5/model_te_magnitude_xgb_15m.pkl
2025-11-12 18:36:13,006Z - INFO - Loading event label encoder from /home/ilyamus/GPTGROKWORK/AITrainer_V5/label_encoder_event_te_15m.pkl
2025-11-12 18:36:42,411Z - WARNING - No news fetched for current mode
2025-11-12 18:36:42,416Z - INFO - No predictions to insert
2025-11-12 18:38:10,961Z - INFO - Loading rf model from /home/ilyamus/GPTGROKWORK/AITrainer_V5/model_te_direction_rf_15m.pkl
2025-11-12 18:38:11,929Z - INFO - Loading xgb model from /home/ilyamus/GPTGROKWORK/AITrainer_V5/model_te_direction_xgb_15m.pkl
2025-11-12 18:38:11,981Z - INFO - Loading reg model from /home/ilyamus/GPTGROKWORK/AITrainer_V5/model_te_magnitude_xgb_15m.pkl
2025-11-12 18:38:12,001Z - INFO - Loading event label encoder from /home/ilyamus/GPTGROKWORK/AITrainer_V5/label_encoder_event_te_15m.pkl
2025-11-12 18:38:41,413Z - WARNING - No news fetched for current mode
2025-11-12 18:38:41,417Z - INFO - No predictions to insert
2025-11-12 18:40:11,032Z - INFO - Loading rf model from /home/ilyamus/GPTGROKWORK/AITrainer_V5/model_te_direction_rf_15m.pkl
2025-11-12 18:40:11,999Z - INFO - Loading xgb model from /home/ilyamus/GPTGROKWORK/AITrainer_V5/model_te_direction_xgb_15m.pkl
2025-11-12 18:40:12,047Z - INFO - Loading reg model from /home/ilyamus/GPTGROKWORK/AITrainer_V5/model_te_magnitude_xgb_15m.pkl
2025-11-12 18:40:12,067Z - INFO - Loading event label encoder from /home/ilyamus/GPTGROKWORK/AITrainer_V5/label_encoder_event_te_15m.pkl
2025-11-12 18:40:41,925Z - WARNING - No news fetched for current mode
2025-11-12 18:40:41,929Z - INFO - No predictions to insert
2025-11-12 18:42:11,317Z - INFO - Loading rf model from /home/ilyamus/GPTGROKWORK/AITrainer_V5/model_te_direction_rf_15m.pkl
2025-11-12 18:42:12,559Z - INFO - Loading xgb model from /home/ilyamus/GPTGROKWORK/AITrainer_V5/model_te_direction_xgb_15m.pkl
2025-11-12 18:42:12,615Z - INFO - Loading reg model from /home/ilyamus/GPTGROKWORK/AITrainer_V5/model_te_magnitude_xgb_15m.pkl
2025-11-12 18:42:12,653Z - INFO - Loading event label encoder from /home/ilyamus/GPTGROKWORK/AITrainer_V5/label_encoder_event_te_15m.pkl
2025-11-12 18:42:40,985Z - WARNING - No news fetched for current mode
2025-11-12 18:42:40,987Z - INFO - No predictions to insert
2025-11-12 18:44:11,195Z - INFO - Loading rf model from /home/ilyamus/GPTGROKWORK/AITrainer_V5/model_te_direction_rf_15m.pkl
2025-11-12 18:44:12,109Z - INFO - Loading xgb model from /home/ilyamus/GPTGROKWORK/AITrainer_V5/model_te_direction_xgb_15m.pkl
2025-11-12 18:44:12,160Z - INFO - Loading reg model from /home/ilyamus/GPTGROKWORK/AITrainer_V5/model_te_magnitude_xgb_15m.pkl
2025-11-12 18:44:12,179Z - INFO - Loading event label encoder from /home/ilyamus/GPTGROKWORK/AITrainer_V5/label_encoder_event_te_15m.pkl
2025-11-12 18:44:39,840Z - WARNING - No news fetched for current mode
2025-11-12 18:44:39,843Z - INFO - No predictions to insert
2025-11-12 18:46:11,361Z - INFO - Loading rf model from /home/ilyamus/GPTGROKWORK/AITrainer_V5/model_te_direction_rf_15m.pkl
2025-11-12 18:46:12,335Z - INFO - Loading xgb model from /home/ilyamus/GPTGROKWORK/AITrainer_V5/model_te_direction_xgb_15m.pkl
2025-11-12 18:46:12,385Z - INFO - Loading reg model from /home/ilyamus/GPTGROKWORK/AITrainer_V5/model_te_magnitude_xgb_15m.pkl
2025-11-12 18:46:12,404Z - INFO - Loading event label encoder from /home/ilyamus/GPTGROKWORK/AITrainer_V5/label_encoder_event_te_15m.pkl
2025-11-12 18:46:41,541Z - WARNING - No news fetched for current mode
2025-11-12 18:46:41,544Z - INFO - No predictions to insert
2025-11-12 18:48:11,271Z - INFO - Loading rf model from /home/ilyamus/GPTGROKWORK/AITrainer_V5/model_te_direction_rf_15m.pkl
2025-11-12 18:48:12,245Z - INFO - Loading xgb model from /home/ilyamus/GPTGROKWORK/AITrainer_V5/model_te_direction_xgb_15m.pkl
2025-11-12 18:48:12,294Z - INFO - Loading reg model from /home/ilyamus/GPTGROKWORK/AITrainer_V5/model_te_magnitude_xgb_15m.pkl
2025-11-12 18:48:12,312Z - INFO - Loading event label encoder from /home/ilyamus/GPTGROKWORK/AITrainer_V5/label_encoder_event_te_15m.pkl
2025-11-12 18:48:45,560Z - WARNING - No news fetched for current mode
2025-11-12 18:48:45,563Z - INFO - No predictions to insert
2025-11-12 18:50:11,321Z - INFO - Loading rf model from /home/ilyamus/GPTGROKWORK/AITrainer_V5/model_te_direction_rf_15m.pkl
2025-11-12 18:50:12,458Z - INFO - Loading xgb model from /home/ilyamus/GPTGROKWORK/AITrainer_V5/model_te_direction_xgb_15m.pkl
2025-11-12 18:50:12,510Z - INFO - Loading reg model from /home/ilyamus/GPTGROKWORK/AITrainer_V5/model_te_magnitude_xgb_15m.pkl
2025-11-12 18:50:12,533Z - INFO - Loading event label encoder from /home/ilyamus/GPTGROKWORK/AITrainer_V5/label_encoder_event_te_15m.pkl
2025-11-12 18:50:41,841Z - WARNING - No news fetched for current mode
2025-11-12 18:50:41,843Z - INFO - No predictions to insert
2025-11-12 18:52:11,774Z - INFO - Loading rf model from /home/ilyamus/GPTGROKWORK/AITrainer_V5/model_te_direction_rf_15m.pkl
2025-11-12 18:52:12,691Z - INFO - Loading xgb model from /home/ilyamus/GPTGROKWORK/AITrainer_V5/model_te_direction_xgb_15m.pkl
2025-11-12 18:52:12,746Z - INFO - Loading reg model from /home/ilyamus/GPTGROKWORK/AITrainer_V5/model_te_magnitude_xgb_15m.pkl
2025-11-12 18:52:12,766Z - INFO - Loading event label encoder from /home/ilyamus/GPTGROKWORK/AITrainer_V5/label_encoder_event_te_15m.pkl
2025-11-12 18:52:38,972Z - WARNING - No news fetched for current mode
2025-11-12 18:52:38,975Z - INFO - No predictions to insert
2025-11-12 18:54:11,176Z - INFO - Loading rf model from /home/ilyamus/GPTGROKWORK/AITrainer_V5/model_te_direction_rf_15m.pkl
2025-11-12 18:54:12,188Z - INFO - Loading xgb model from /home/ilyamus/GPTGROKWORK/AITrainer_V5/model_te_direction_xgb_15m.pkl
2025-11-12 18:54:12,237Z - INFO - Loading reg model from /home/ilyamus/GPTGROKWORK/AITrainer_V5/model_te_magnitude_xgb_15m.pkl
2025-11-12 18:54:12,254Z - INFO - Loading event label encoder from /home/ilyamus/GPTGROKWORK/AITrainer_V5/label_encoder_event_te_15m.pkl
2025-11-12 18:54:38,856Z - WARNING - No news fetched for current mode
2025-11-12 18:54:38,858Z - INFO - No predictions to insert
2025-11-12 18:56:11,266Z - INFO - Loading rf model from /home/ilyamus/GPTGROKWORK/AITrainer_V5/model_te_direction_rf_15m.pkl
2025-11-12 18:56:12,304Z - INFO - Loading xgb model from /home/ilyamus/GPTGROKWORK/AITrainer_V5/model_te_direction_xgb_15m.pkl
2025-11-12 18:56:12,359Z - INFO - Loading reg model from /home/ilyamus/GPTGROKWORK/AITrainer_V5/model_te_magnitude_xgb_15m.pkl
2025-11-12 18:56:12,388Z - INFO - Loading event label encoder from /home/ilyamus/GPTGROKWORK/AITrainer_V5/label_encoder_event_te_15m.pkl
2025-11-12 18:56:40,539Z - WARNING - No news fetched for current mode
2025-11-12 18:56:40,543Z - INFO - No predictions to insert
2025-11-12 18:58:11,788Z - INFO - Loading rf model from /home/ilyamus/GPTGROKWORK/AITrainer_V5/model_te_direction_rf_15m.pkl
2025-11-12 18:58:12,756Z - INFO - Loading xgb model from /home/ilyamus/GPTGROKWORK/AITrainer_V5/model_te_direction_xgb_15m.pkl
2025-11-12 18:58:12,807Z - INFO - Loading reg model from /home/ilyamus/GPTGROKWORK/AITrainer_V5/model_te_magnitude_xgb_15m.pkl
2025-11-12 18:58:12,825Z - INFO - Loading event label encoder from /home/ilyamus/GPTGROKWORK/AITrainer_V5/label_encoder_event_te_15m.pkl
2025-11-12 18:58:39,879Z - WARNING - No news fetched for current mode
2025-11-12 18:58:39,882Z - INFO - No predictions to insert
2025-11-12 19:00:11,829Z - INFO - Loading rf model from /home/ilyamus/GPTGROKWORK/AITrainer_V5/model_te_direction_rf_15m.pkl
2025-11-12 19:00:12,826Z - INFO - Loading xgb model from /home/ilyamus/GPTGROKWORK/AITrainer_V5/model_te_direction_xgb_15m.pkl
2025-11-12 19:00:12,873Z - INFO - Loading reg model from /home/ilyamus/GPTGROKWORK/AITrainer_V5/model_te_magnitude_xgb_15m.pkl
2025-11-12 19:00:12,892Z - INFO - Loading event label encoder from /home/ilyamus/GPTGROKWORK/AITrainer_V5/label_encoder_event_te_15m.pkl
2025-11-12 19:01:23,549Z - WARNING - No news fetched for current mode
2025-11-12 19:01:23,552Z - INFO - No predictions to insert
2025-11-12 19:02:11,443Z - INFO - Loading rf model from /home/ilyamus/GPTGROKWORK/AITrainer_V5/model_te_direction_rf_15m.pkl
2025-11-12 19:02:12,475Z - INFO - Loading xgb model from /home/ilyamus/GPTGROKWORK/AITrainer_V5/model_te_direction_xgb_15m.pkl
2025-11-12 19:02:12,529Z - INFO - Loading reg model from /home/ilyamus/GPTGROKWORK/AITrainer_V5/model_te_magnitude_xgb_15m.pkl
2025-11-12 19:02:12,551Z - INFO - Loading event label encoder from /home/ilyamus/GPTGROKWORK/AITrainer_V5/label_encoder_event_te_15m.pkl
2025-11-12 19:02:42,943Z - WARNING - No news fetched for current mode
2025-11-12 19:02:42,948Z - INFO - No predictions to insert
2025-11-12 19:04:11,901Z - INFO - Loading rf model from /home/ilyamus/GPTGROKWORK/AITrainer_V5/model_te_direction_rf_15m.pkl
2025-11-12 19:04:12,932Z - INFO - Loading xgb model from /home/ilyamus/GPTGROKWORK/AITrainer_V5/model_te_direction_xgb_15m.pkl
2025-11-12 19:04:12,984Z - INFO - Loading reg model from /home/ilyamus/GPTGROKWORK/AITrainer_V5/model_te_magnitude_xgb_15m.pkl
2025-11-12 19:04:13,002Z - INFO - Loading event label encoder from /home/ilyamus/GPTGROKWORK/AITrainer_V5/label_encoder_event_te_15m.pkl
2025-11-12 19:04:41,074Z - WARNING - No news fetched for current mode
2025-11-12 19:04:41,077Z - INFO - No predictions to insert
2025-11-12 19:06:11,972Z - INFO - Loading rf model from /home/ilyamus/GPTGROKWORK/AITrainer_V5/model_te_direction_rf_15m.pkl
2025-11-12 19:06:13,047Z - INFO - Loading xgb model from /home/ilyamus/GPTGROKWORK/AITrainer_V5/model_te_direction_xgb_15m.pkl
2025-11-12 19:06:13,094Z - INFO - Loading reg model from /home/ilyamus/GPTGROKWORK/AITrainer_V5/model_te_magnitude_xgb_15m.pkl
2025-11-12 19:06:13,110Z - INFO - Loading event label encoder from /home/ilyamus/GPTGROKWORK/AITrainer_V5/label_encoder_event_te_15m.pkl
2025-11-12 19:06:42,808Z - WARNING - No news fetched for current mode
2025-11-12 19:06:42,813Z - INFO - No predictions to insert
2025-11-12 19:08:11,831Z - INFO - Loading rf model from /home/ilyamus/GPTGROKWORK/AITrainer_V5/model_te_direction_rf_15m.pkl
2025-11-12 19:08:12,737Z - INFO - Loading xgb model from /home/ilyamus/GPTGROKWORK/AITrainer_V5/model_te_direction_xgb_15m.pkl
2025-11-12 19:08:12,787Z - INFO - Loading reg model from /home/ilyamus/GPTGROKWORK/AITrainer_V5/model_te_magnitude_xgb_15m.pkl
2025-11-12 19:08:12,807Z - INFO - Loading event label encoder from /home/ilyamus/GPTGROKWORK/AITrainer_V5/label_encoder_event_te_15m.pkl
2025-11-12 19:08:40,481Z - WARNING - No news fetched for current mode
2025-11-12 19:08:40,485Z - INFO - No predictions to insert
2025-11-12 19:10:11,459Z - INFO - Loading rf model from /home/ilyamus/GPTGROKWORK/AITrainer_V5/model_te_direction_rf_15m.pkl
2025-11-12 19:10:12,509Z - INFO - Loading xgb model from /home/ilyamus/GPTGROKWORK/AITrainer_V5/model_te_direction_xgb_15m.pkl
2025-11-12 19:10:12,559Z - INFO - Loading reg model from /home/ilyamus/GPTGROKWORK/AITrainer_V5/model_te_magnitude_xgb_15m.pkl
2025-11-12 19:10:12,583Z - INFO - Loading event label encoder from /home/ilyamus/GPTGROKWORK/AITrainer_V5/label_encoder_event_te_15m.pkl
2025-11-12 19:10:41,439Z - WARNING - No news fetched for current mode
2025-11-12 19:10:41,443Z - INFO - No predictions to insert
2025-11-12 19:12:11,427Z - INFO - Loading rf model from /home/ilyamus/GPTGROKWORK/AITrainer_V5/model_te_direction_rf_15m.pkl
2025-11-12 19:12:12,320Z - INFO - Loading xgb model from /home/ilyamus/GPTGROKWORK/AITrainer_V5/model_te_direction_xgb_15m.pkl
2025-11-12 19:12:12,377Z - INFO - Loading reg model from /home/ilyamus/GPTGROKWORK/AITrainer_V5/model_te_magnitude_xgb_15m.pkl
2025-11-12 19:12:12,398Z - INFO - Loading event label encoder from /home/ilyamus/GPTGROKWORK/AITrainer_V5/label_encoder_event_te_15m.pkl
2025-11-12 19:12:47,586Z - WARNING - No news fetched for current mode
2025-11-12 19:12:47,591Z - INFO - No predictions to insert
2025-11-12 19:14:11,042Z - INFO - Loading rf model from /home/ilyamus/GPTGROKWORK/AITrainer_V5/model_te_direction_rf_15m.pkl
2025-11-12 19:14:11,927Z - INFO - Loading xgb model from /home/ilyamus/GPTGROKWORK/AITrainer_V5/model_te_direction_xgb_15m.pkl
2025-11-12 19:14:11,971Z - INFO - Loading reg model from /home/ilyamus/GPTGROKWORK/AITrainer_V5/model_te_magnitude_xgb_15m.pkl
2025-11-12 19:14:11,987Z - INFO - Loading event label encoder from /home/ilyamus/GPTGROKWORK/AITrainer_V5/label_encoder_event_te_15m.pkl
2025-11-12 19:14:41,296Z - WARNING - No news fetched for current mode
2025-11-12 19:14:41,301Z - INFO - No predictions to insert
2025-11-12 19:16:11,292Z - INFO - Loading rf model from /home/ilyamus/GPTGROKWORK/AITrainer_V5/model_te_direction_rf_15m.pkl
2025-11-12 19:16:12,337Z - INFO - Loading xgb model from /home/ilyamus/GPTGROKWORK/AITrainer_V5/model_te_direction_xgb_15m.pkl
2025-11-12 19:16:12,396Z - INFO - Loading reg model from /home/ilyamus/GPTGROKWORK/AITrainer_V5/model_te_magnitude_xgb_15m.pkl
2025-11-12 19:16:12,418Z - INFO - Loading event label encoder from /home/ilyamus/GPTGROKWORK/AITrainer_V5/label_encoder_event_te_15m.pkl
2025-11-12 19:16:41,041Z - WARNING - No news fetched for current mode
2025-11-12 19:16:41,045Z - INFO - No predictions to insert
2025-11-12 19:18:11,954Z - INFO - Loading rf model from /home/ilyamus/GPTGROKWORK/AITrainer_V5/model_te_direction_rf_15m.pkl
2025-11-12 19:18:12,996Z - INFO - Loading xgb model from /home/ilyamus/GPTGROKWORK/AITrainer_V5/model_te_direction_xgb_15m.pkl
2025-11-12 19:18:13,047Z - INFO - Loading reg model from /home/ilyamus/GPTGROKWORK/AITrainer_V5/model_te_magnitude_xgb_15m.pkl
2025-11-12 19:18:13,064Z - INFO - Loading event label encoder from /home/ilyamus/GPTGROKWORK/AITrainer_V5/label_encoder_event_te_15m.pkl
2025-11-12 19:18:40,616Z - WARNING - No news fetched for current mode
2025-11-12 19:18:40,619Z - INFO - No predictions to insert
2025-11-12 19:20:11,503Z - INFO - Loading rf model from /home/ilyamus/GPTGROKWORK/AITrainer_V5/model_te_direction_rf_15m.pkl
2025-11-12 19:20:12,505Z - INFO - Loading xgb model from /home/ilyamus/GPTGROKWORK/AITrainer_V5/model_te_direction_xgb_15m.pkl
2025-11-12 19:20:12,553Z - INFO - Loading reg model from /home/ilyamus/GPTGROKWORK/AITrainer_V5/model_te_magnitude_xgb_15m.pkl
2025-11-12 19:20:12,575Z - INFO - Loading event label encoder from /home/ilyamus/GPTGROKWORK/AITrainer_V5/label_encoder_event_te_15m.pkl
2025-11-12 19:20:40,960Z - WARNING - No news fetched for current mode
2025-11-12 19:20:40,963Z - INFO - No predictions to insert
2025-11-12 19:22:11,614Z - INFO - Loading rf model from /home/ilyamus/GPTGROKWORK/AITrainer_V5/model_te_direction_rf_15m.pkl
2025-11-12 19:22:12,511Z - INFO - Loading xgb model from /home/ilyamus/GPTGROKWORK/AITrainer_V5/model_te_direction_xgb_15m.pkl
2025-11-12 19:22:12,573Z - INFO - Loading reg model from /home/ilyamus/GPTGROKWORK/AITrainer_V5/model_te_magnitude_xgb_15m.pkl
2025-11-12 19:22:12,602Z - INFO - Loading event label encoder from /home/ilyamus/GPTGROKWORK/AITrainer_V5/label_encoder_event_te_15m.pkl
2025-11-12 19:22:39,344Z - WARNING - No news fetched for current mode
2025-11-12 19:22:39,347Z - INFO - No predictions to insert
2025-11-12 19:24:11,777Z - INFO - Loading rf model from /home/ilyamus/GPTGROKWORK/AITrainer_V5/model_te_direction_rf_15m.pkl
2025-11-12 19:24:12,781Z - INFO - Loading xgb model from /home/ilyamus/GPTGROKWORK/AITrainer_V5/model_te_direction_xgb_15m.pkl
2025-11-12 19:24:12,827Z - INFO - Loading reg model from /home/ilyamus/GPTGROKWORK/AITrainer_V5/model_te_magnitude_xgb_15m.pkl
2025-11-12 19:24:12,851Z - INFO - Loading event label encoder from /home/ilyamus/GPTGROKWORK/AITrainer_V5/label_encoder_event_te_15m.pkl
2025-11-12 19:24:40,359Z - WARNING - No news fetched for current mode
2025-11-12 19:24:40,362Z - INFO - No predictions to insert
2025-11-12 19:26:11,484Z - INFO - Loading rf model from /home/ilyamus/GPTGROKWORK/AITrainer_V5/model_te_direction_rf_15m.pkl
2025-11-12 19:26:12,472Z - INFO - Loading xgb model from /home/ilyamus/GPTGROKWORK/AITrainer_V5/model_te_direction_xgb_15m.pkl
2025-11-12 19:26:12,523Z - INFO - Loading reg model from /home/ilyamus/GPTGROKWORK/AITrainer_V5/model_te_magnitude_xgb_15m.pkl
2025-11-12 19:26:12,544Z - INFO - Loading event label encoder from /home/ilyamus/GPTGROKWORK/AITrainer_V5/label_encoder_event_te_15m.pkl
2025-11-12 19:26:41,433Z - WARNING - No news fetched for current mode
2025-11-12 19:26:41,438Z - INFO - No predictions to insert
2025-11-12 19:28:11,710Z - INFO - Loading rf model from /home/ilyamus/GPTGROKWORK/AITrainer_V5/model_te_direction_rf_15m.pkl
2025-11-12 19:28:12,735Z - INFO - Loading xgb model from /home/ilyamus/GPTGROKWORK/AITrainer_V5/model_te_direction_xgb_15m.pkl
2025-11-12 19:28:12,792Z - INFO - Loading reg model from /home/ilyamus/GPTGROKWORK/AITrainer_V5/model_te_magnitude_xgb_15m.pkl
2025-11-12 19:28:12,813Z - INFO - Loading event label encoder from /home/ilyamus/GPTGROKWORK/AITrainer_V5/label_encoder_event_te_15m.pkl
2025-11-12 19:28:39,918Z - WARNING - No news fetched for current mode
2025-11-12 19:28:39,921Z - INFO - No predictions to insert
2025-11-12 19:30:11,698Z - INFO - Loading rf model from /home/ilyamus/GPTGROKWORK/AITrainer_V5/model_te_direction_rf_15m.pkl
2025-11-12 19:30:12,911Z - INFO - Loading xgb model from /home/ilyamus/GPTGROKWORK/AITrainer_V5/model_te_direction_xgb_15m.pkl
2025-11-12 19:30:12,984Z - INFO - Loading reg model from /home/ilyamus/GPTGROKWORK/AITrainer_V5/model_te_magnitude_xgb_15m.pkl
2025-11-12 19:30:13,016Z - INFO - Loading event label encoder from /home/ilyamus/GPTGROKWORK/AITrainer_V5/label_encoder_event_te_15m.pkl
2025-11-12 19:30:42,422Z - WARNING - No news fetched for current mode
2025-11-12 19:30:42,425Z - INFO - No predictions to insert
2025-11-12 19:32:11,547Z - INFO - Loading rf model from /home/ilyamus/GPTGROKWORK/AITrainer_V5/model_te_direction_rf_15m.pkl
2025-11-12 19:32:12,435Z - INFO - Loading xgb model from /home/ilyamus/GPTGROKWORK/AITrainer_V5/model_te_direction_xgb_15m.pkl
2025-11-12 19:32:12,485Z - INFO - Loading reg model from /home/ilyamus/GPTGROKWORK/AITrainer_V5/model_te_magnitude_xgb_15m.pkl
2025-11-12 19:32:12,504Z - INFO - Loading event label encoder from /home/ilyamus/GPTGROKWORK/AITrainer_V5/label_encoder_event_te_15m.pkl
2025-11-12 19:32:39,941Z - WARNING - No news fetched for current mode
2025-11-12 19:32:39,944Z - INFO - No predictions to insert
2025-11-12 19:34:10,923Z - INFO - Loading rf model from /home/ilyamus/GPTGROKWORK/AITrainer_V5/model_te_direction_rf_15m.pkl
2025-11-12 19:34:12,006Z - INFO - Loading xgb model from /home/ilyamus/GPTGROKWORK/AITrainer_V5/model_te_direction_xgb_15m.pkl
2025-11-12 19:34:12,050Z - INFO - Loading reg model from /home/ilyamus/GPTGROKWORK/AITrainer_V5/model_te_magnitude_xgb_15m.pkl
2025-11-12 19:34:12,066Z - INFO - Loading event label encoder from /home/ilyamus/GPTGROKWORK/AITrainer_V5/label_encoder_event_te_15m.pkl
2025-11-12 19:34:40,742Z - WARNING - No news fetched for current mode
2025-11-12 19:34:40,745Z - INFO - No predictions to insert
2025-11-12 19:36:11,246Z - INFO - Loading rf model from /home/ilyamus/GPTGROKWORK/AITrainer_V5/model_te_direction_rf_15m.pkl
2025-11-12 19:36:12,390Z - INFO - Loading xgb model from /home/ilyamus/GPTGROKWORK/AITrainer_V5/model_te_direction_xgb_15m.pkl
2025-11-12 19:36:12,447Z - INFO - Loading reg model from /home/ilyamus/GPTGROKWORK/AITrainer_V5/model_te_magnitude_xgb_15m.pkl
2025-11-12 19:36:12,471Z - INFO - Loading event label encoder from /home/ilyamus/GPTGROKWORK/AITrainer_V5/label_encoder_event_te_15m.pkl
2025-11-12 19:36:39,998Z - WARNING - No news fetched for current mode
2025-11-12 19:36:40,001Z - INFO - No predictions to insert
2025-11-12 19:38:11,554Z - INFO - Loading rf model from /home/ilyamus/GPTGROKWORK/AITrainer_V5/model_te_direction_rf_15m.pkl
2025-11-12 19:38:12,470Z - INFO - Loading xgb model from /home/ilyamus/GPTGROKWORK/AITrainer_V5/model_te_direction_xgb_15m.pkl
2025-11-12 19:38:12,520Z - INFO - Loading reg model from /home/ilyamus/GPTGROKWORK/AITrainer_V5/model_te_magnitude_xgb_15m.pkl
2025-11-12 19:38:12,538Z - INFO - Loading event label encoder from /home/ilyamus/GPTGROKWORK/AITrainer_V5/label_encoder_event_te_15m.pkl
2025-11-12 19:38:39,640Z - WARNING - No news fetched for current mode
2025-11-12 19:38:39,645Z - INFO - No predictions to insert
2025-11-12 19:40:11,666Z - INFO - Loading rf model from /home/ilyamus/GPTGROKWORK/AITrainer_V5/model_te_direction_rf_15m.pkl
2025-11-12 19:40:12,711Z - INFO - Loading xgb model from /home/ilyamus/GPTGROKWORK/AITrainer_V5/model_te_direction_xgb_15m.pkl
2025-11-12 19:40:12,765Z - INFO - Loading reg model from /home/ilyamus/GPTGROKWORK/AITrainer_V5/model_te_magnitude_xgb_15m.pkl
2025-11-12 19:40:12,787Z - INFO - Loading event label encoder from /home/ilyamus/GPTGROKWORK/AITrainer_V5/label_encoder_event_te_15m.pkl
2025-11-12 19:40:41,255Z - WARNING - No news fetched for current mode
2025-11-12 19:40:41,258Z - INFO - No predictions to insert
2025-11-12 19:42:12,089Z - INFO - Loading rf model from /home/ilyamus/GPTGROKWORK/AITrainer_V5/model_te_direction_rf_15m.pkl
2025-11-12 19:42:13,049Z - INFO - Loading xgb model from /home/ilyamus/GPTGROKWORK/AITrainer_V5/model_te_direction_xgb_15m.pkl
2025-11-12 19:42:13,098Z - INFO - Loading reg model from /home/ilyamus/GPTGROKWORK/AITrainer_V5/model_te_magnitude_xgb_15m.pkl
2025-11-12 19:42:13,117Z - INFO - Loading event label encoder from /home/ilyamus/GPTGROKWORK/AITrainer_V5/label_encoder_event_te_15m.pkl
2025-11-12 19:42:41,543Z - WARNING - No news fetched for current mode
2025-11-12 19:42:41,546Z - INFO - No predictions to insert
2025-11-12 19:44:11,821Z - INFO - Loading rf model from /home/ilyamus/GPTGROKWORK/AITrainer_V5/model_te_direction_rf_15m.pkl
2025-11-12 19:44:12,754Z - INFO - Loading xgb model from /home/ilyamus/GPTGROKWORK/AITrainer_V5/model_te_direction_xgb_15m.pkl
2025-11-12 19:44:12,800Z - INFO - Loading reg model from /home/ilyamus/GPTGROKWORK/AITrainer_V5/model_te_magnitude_xgb_15m.pkl
2025-11-12 19:44:12,815Z - INFO - Loading event label encoder from /home/ilyamus/GPTGROKWORK/AITrainer_V5/label_encoder_event_te_15m.pkl
2025-11-12 19:44:40,214Z - WARNING - No news fetched for current mode
2025-11-12 19:44:40,217Z - INFO - No predictions to insert
2025-11-12 19:46:11,304Z - INFO - Loading rf model from /home/ilyamus/GPTGROKWORK/AITrainer_V5/model_te_direction_rf_15m.pkl
2025-11-12 19:46:12,303Z - INFO - Loading xgb model from /home/ilyamus/GPTGROKWORK/AITrainer_V5/model_te_direction_xgb_15m.pkl
2025-11-12 19:46:12,358Z - INFO - Loading reg model from /home/ilyamus/GPTGROKWORK/AITrainer_V5/model_te_magnitude_xgb_15m.pkl
2025-11-12 19:46:12,389Z - INFO - Loading event label encoder from /home/ilyamus/GPTGROKWORK/AITrainer_V5/label_encoder_event_te_15m.pkl
2025-11-12 19:46:41,838Z - WARNING - No news fetched for current mode
2025-11-12 19:46:41,842Z - INFO - No predictions to insert
2025-11-12 19:48:11,444Z - INFO - Loading rf model from /home/ilyamus/GPTGROKWORK/AITrainer_V5/model_te_direction_rf_15m.pkl
2025-11-12 19:48:12,411Z - INFO - Loading xgb model from /home/ilyamus/GPTGROKWORK/AITrainer_V5/model_te_direction_xgb_15m.pkl
2025-11-12 19:48:12,470Z - INFO - Loading reg model from /home/ilyamus/GPTGROKWORK/AITrainer_V5/model_te_magnitude_xgb_15m.pkl
2025-11-12 19:48:12,493Z - INFO - Loading event label encoder from /home/ilyamus/GPTGROKWORK/AITrainer_V5/label_encoder_event_te_15m.pkl
2025-11-12 19:48:40,035Z - WARNING - No news fetched for current mode
2025-11-12 19:48:40,038Z - INFO - No predictions to insert
2025-11-12 19:50:11,061Z - INFO - Loading rf model from /home/ilyamus/GPTGROKWORK/AITrainer_V5/model_te_direction_rf_15m.pkl
2025-11-12 19:50:12,232Z - INFO - Loading xgb model from /home/ilyamus/GPTGROKWORK/AITrainer_V5/model_te_direction_xgb_15m.pkl
2025-11-12 19:50:12,289Z - INFO - Loading reg model from /home/ilyamus/GPTGROKWORK/AITrainer_V5/model_te_magnitude_xgb_15m.pkl
2025-11-12 19:50:12,309Z - INFO - Loading event label encoder from /home/ilyamus/GPTGROKWORK/AITrainer_V5/label_encoder_event_te_15m.pkl
2025-11-12 19:50:40,513Z - WARNING - No news fetched for current mode
2025-11-12 19:50:40,515Z - INFO - No predictions to insert
2025-11-12 19:52:11,656Z - INFO - Loading rf model from /home/ilyamus/GPTGROKWORK/AITrainer_V5/model_te_direction_rf_15m.pkl
2025-11-12 19:52:12,598Z - INFO - Loading xgb model from /home/ilyamus/GPTGROKWORK/AITrainer_V5/model_te_direction_xgb_15m.pkl
2025-11-12 19:52:12,658Z - INFO - Loading reg model from /home/ilyamus/GPTGROKWORK/AITrainer_V5/model_te_magnitude_xgb_15m.pkl
2025-11-12 19:52:12,681Z - INFO - Loading event label encoder from /home/ilyamus/GPTGROKWORK/AITrainer_V5/label_encoder_event_te_15m.pkl
2025-11-12 19:52:39,067Z - WARNING - No news fetched for current mode
2025-11-12 19:52:39,070Z - INFO - No predictions to insert
2025-11-12 19:54:11,866Z - INFO - Loading rf model from /home/ilyamus/GPTGROKWORK/AITrainer_V5/model_te_direction_rf_15m.pkl
2025-11-12 19:54:12,872Z - INFO - Loading xgb model from /home/ilyamus/GPTGROKWORK/AITrainer_V5/model_te_direction_xgb_15m.pkl
2025-11-12 19:54:12,925Z - INFO - Loading reg model from /home/ilyamus/GPTGROKWORK/AITrainer_V5/model_te_magnitude_xgb_15m.pkl
2025-11-12 19:54:12,948Z - INFO - Loading event label encoder from /home/ilyamus/GPTGROKWORK/AITrainer_V5/label_encoder_event_te_15m.pkl
2025-11-12 19:54:41,654Z - WARNING - No news fetched for current mode
2025-11-12 19:54:41,658Z - INFO - No predictions to insert
2025-11-12 19:56:11,391Z - INFO - Loading rf model from /home/ilyamus/GPTGROKWORK/AITrainer_V5/model_te_direction_rf_15m.pkl
2025-11-12 19:56:12,395Z - INFO - Loading xgb model from /home/ilyamus/GPTGROKWORK/AITrainer_V5/model_te_direction_xgb_15m.pkl
2025-11-12 19:56:12,452Z - INFO - Loading reg model from /home/ilyamus/GPTGROKWORK/AITrainer_V5/model_te_magnitude_xgb_15m.pkl
2025-11-12 19:56:12,474Z - INFO - Loading event label encoder from /home/ilyamus/GPTGROKWORK/AITrainer_V5/label_encoder_event_te_15m.pkl
2025-11-12 19:56:41,906Z - WARNING - No news fetched for current mode
2025-11-12 19:56:41,909Z - INFO - No predictions to insert
2025-11-12 19:58:11,827Z - INFO - Loading rf model from /home/ilyamus/GPTGROKWORK/AITrainer_V5/model_te_direction_rf_15m.pkl
2025-11-12 19:58:12,935Z - INFO - Loading xgb model from /home/ilyamus/GPTGROKWORK/AITrainer_V5/model_te_direction_xgb_15m.pkl
2025-11-12 19:58:12,991Z - INFO - Loading reg model from /home/ilyamus/GPTGROKWORK/AITrainer_V5/model_te_magnitude_xgb_15m.pkl
2025-11-12 19:58:13,010Z - INFO - Loading event label encoder from /home/ilyamus/GPTGROKWORK/AITrainer_V5/label_encoder_event_te_15m.pkl
2025-11-12 19:58:41,868Z - WARNING - No news fetched for current mode
2025-11-12 19:58:41,873Z - INFO - No predictions to insert
2025-11-12 20:00:11,418Z - INFO - Loading rf model from /home/ilyamus/GPTGROKWORK/AITrainer_V5/model_te_direction_rf_15m.pkl
2025-11-12 20:00:12,402Z - INFO - Loading xgb model from /home/ilyamus/GPTGROKWORK/AITrainer_V5/model_te_direction_xgb_15m.pkl
2025-11-12 20:00:12,453Z - INFO - Loading reg model from /home/ilyamus/GPTGROKWORK/AITrainer_V5/model_te_magnitude_xgb_15m.pkl
2025-11-12 20:00:12,474Z - INFO - Loading event label encoder from /home/ilyamus/GPTGROKWORK/AITrainer_V5/label_encoder_event_te_15m.pkl
2025-11-12 20:01:21,380Z - WARNING - No news fetched for current mode
2025-11-12 20:01:21,384Z - INFO - No predictions to insert
2025-11-12 20:02:11,659Z - INFO - Loading rf model from /home/ilyamus/GPTGROKWORK/AITrainer_V5/model_te_direction_rf_15m.pkl
2025-11-12 20:02:12,632Z - INFO - Loading xgb model from /home/ilyamus/GPTGROKWORK/AITrainer_V5/model_te_direction_xgb_15m.pkl
2025-11-12 20:02:12,685Z - INFO - Loading reg model from /home/ilyamus/GPTGROKWORK/AITrainer_V5/model_te_magnitude_xgb_15m.pkl
2025-11-12 20:02:12,705Z - INFO - Loading event label encoder from /home/ilyamus/GPTGROKWORK/AITrainer_V5/label_encoder_event_te_15m.pkl
2025-11-12 20:02:41,077Z - WARNING - No news fetched for current mode
2025-11-12 20:02:41,081Z - INFO - No predictions to insert
2025-11-12 20:04:11,680Z - INFO - Loading rf model from /home/ilyamus/GPTGROKWORK/AITrainer_V5/model_te_direction_rf_15m.pkl
2025-11-12 20:04:12,632Z - INFO - Loading xgb model from /home/ilyamus/GPTGROKWORK/AITrainer_V5/model_te_direction_xgb_15m.pkl
2025-11-12 20:04:12,690Z - INFO - Loading reg model from /home/ilyamus/GPTGROKWORK/AITrainer_V5/model_te_magnitude_xgb_15m.pkl
2025-11-12 20:04:12,710Z - INFO - Loading event label encoder from /home/ilyamus/GPTGROKWORK/AITrainer_V5/label_encoder_event_te_15m.pkl
2025-11-12 20:04:40,101Z - WARNING - No news fetched for current mode
2025-11-12 20:04:40,106Z - INFO - No predictions to insert
2025-11-12 20:06:11,773Z - INFO - Loading rf model from /home/ilyamus/GPTGROKWORK/AITrainer_V5/model_te_direction_rf_15m.pkl
2025-11-12 20:06:12,764Z - INFO - Loading xgb model from /home/ilyamus/GPTGROKWORK/AITrainer_V5/model_te_direction_xgb_15m.pkl
2025-11-12 20:06:12,812Z - INFO - Loading reg model from /home/ilyamus/GPTGROKWORK/AITrainer_V5/model_te_magnitude_xgb_15m.pkl
2025-11-12 20:06:12,835Z - INFO - Loading event label encoder from /home/ilyamus/GPTGROKWORK/AITrainer_V5/label_encoder_event_te_15m.pkl
2025-11-12 20:06:41,665Z - WARNING - No news fetched for current mode
2025-11-12 20:06:41,667Z - INFO - No predictions to insert
2025-11-12 20:08:11,553Z - INFO - Loading rf model from /home/ilyamus/GPTGROKWORK/AITrainer_V5/model_te_direction_rf_15m.pkl
2025-11-12 20:08:12,497Z - INFO - Loading xgb model from /home/ilyamus/GPTGROKWORK/AITrainer_V5/model_te_direction_xgb_15m.pkl
2025-11-12 20:08:12,539Z - INFO - Loading reg model from /home/ilyamus/GPTGROKWORK/AITrainer_V5/model_te_magnitude_xgb_15m.pkl
2025-11-12 20:08:12,552Z - INFO - Loading event label encoder from /home/ilyamus/GPTGROKWORK/AITrainer_V5/label_encoder_event_te_15m.pkl
2025-11-12 20:08:40,043Z - WARNING - No news fetched for current mode
2025-11-12 20:08:40,047Z - INFO - No predictions to insert
2025-11-12 20:10:11,693Z - INFO - Loading rf model from /home/ilyamus/GPTGROKWORK/AITrainer_V5/model_te_direction_rf_15m.pkl
2025-11-12 20:10:12,679Z - INFO - Loading xgb model from /home/ilyamus/GPTGROKWORK/AITrainer_V5/model_te_direction_xgb_15m.pkl
2025-11-12 20:10:12,729Z - INFO - Loading reg model from /home/ilyamus/GPTGROKWORK/AITrainer_V5/model_te_magnitude_xgb_15m.pkl
2025-11-12 20:10:12,749Z - INFO - Loading event label encoder from /home/ilyamus/GPTGROKWORK/AITrainer_V5/label_encoder_event_te_15m.pkl
2025-11-12 20:10:42,216Z - WARNING - No news fetched for current mode
2025-11-12 20:10:42,219Z - INFO - No predictions to insert
2025-11-12 20:12:11,347Z - INFO - Loading rf model from /home/ilyamus/GPTGROKWORK/AITrainer_V5/model_te_direction_rf_15m.pkl
2025-11-12 20:12:12,549Z - INFO - Loading xgb model from /home/ilyamus/GPTGROKWORK/AITrainer_V5/model_te_direction_xgb_15m.pkl
2025-11-12 20:12:12,605Z - INFO - Loading reg model from /home/ilyamus/GPTGROKWORK/AITrainer_V5/model_te_magnitude_xgb_15m.pkl
2025-11-12 20:12:12,630Z - INFO - Loading event label encoder from /home/ilyamus/GPTGROKWORK/AITrainer_V5/label_encoder_event_te_15m.pkl
2025-11-12 20:12:39,753Z - WARNING - No news fetched for current mode
2025-11-12 20:12:39,762Z - INFO - No predictions to insert
2025-11-12 20:14:11,566Z - INFO - Loading rf model from /home/ilyamus/GPTGROKWORK/AITrainer_V5/model_te_direction_rf_15m.pkl
2025-11-12 20:14:12,460Z - INFO - Loading xgb model from /home/ilyamus/GPTGROKWORK/AITrainer_V5/model_te_direction_xgb_15m.pkl
2025-11-12 20:14:12,504Z - INFO - Loading reg model from /home/ilyamus/GPTGROKWORK/AITrainer_V5/model_te_magnitude_xgb_15m.pkl
2025-11-12 20:14:12,520Z - INFO - Loading event label encoder from /home/ilyamus/GPTGROKWORK/AITrainer_V5/label_encoder_event_te_15m.pkl
2025-11-12 20:14:40,575Z - WARNING - No news fetched for current mode
2025-11-12 20:14:40,580Z - INFO - No predictions to insert
2025-11-12 20:16:11,296Z - INFO - Loading rf model from /home/ilyamus/GPTGROKWORK/AITrainer_V5/model_te_direction_rf_15m.pkl
2025-11-12 20:16:12,242Z - INFO - Loading xgb model from /home/ilyamus/GPTGROKWORK/AITrainer_V5/model_te_direction_xgb_15m.pkl
2025-11-12 20:16:12,294Z - INFO - Loading reg model from /home/ilyamus/GPTGROKWORK/AITrainer_V5/model_te_magnitude_xgb_15m.pkl
2025-11-12 20:16:12,319Z - INFO - Loading event label encoder from /home/ilyamus/GPTGROKWORK/AITrainer_V5/label_encoder_event_te_15m.pkl
2025-11-12 20:16:40,208Z - WARNING - No news fetched for current mode
2025-11-12 20:16:40,212Z - INFO - No predictions to insert
2025-11-12 20:18:11,368Z - INFO - Loading rf model from /home/ilyamus/GPTGROKWORK/AITrainer_V5/model_te_direction_rf_15m.pkl
2025-11-12 20:18:12,285Z - INFO - Loading xgb model from /home/ilyamus/GPTGROKWORK/AITrainer_V5/model_te_direction_xgb_15m.pkl
2025-11-12 20:18:12,331Z - INFO - Loading reg model from /home/ilyamus/GPTGROKWORK/AITrainer_V5/model_te_magnitude_xgb_15m.pkl
2025-11-12 20:18:12,353Z - INFO - Loading event label encoder from /home/ilyamus/GPTGROKWORK/AITrainer_V5/label_encoder_event_te_15m.pkl
2025-11-12 20:18:40,829Z - WARNING - No news fetched for current mode
2025-11-12 20:18:40,831Z - INFO - No predictions to insert
2025-11-12 20:20:12,007Z - INFO - Loading rf model from /home/ilyamus/GPTGROKWORK/AITrainer_V5/model_te_direction_rf_15m.pkl
2025-11-12 20:20:13,071Z - INFO - Loading xgb model from /home/ilyamus/GPTGROKWORK/AITrainer_V5/model_te_direction_xgb_15m.pkl
2025-11-12 20:20:13,125Z - INFO - Loading reg model from /home/ilyamus/GPTGROKWORK/AITrainer_V5/model_te_magnitude_xgb_15m.pkl
2025-11-12 20:20:13,149Z - INFO - Loading event label encoder from /home/ilyamus/GPTGROKWORK/AITrainer_V5/label_encoder_event_te_15m.pkl
2025-11-12 20:20:42,086Z - WARNING - No news fetched for current mode
2025-11-12 20:20:42,091Z - INFO - No predictions to insert
2025-11-12 20:22:11,807Z - INFO - Loading rf model from /home/ilyamus/GPTGROKWORK/AITrainer_V5/model_te_direction_rf_15m.pkl
2025-11-12 20:22:12,917Z - INFO - Loading xgb model from /home/ilyamus/GPTGROKWORK/AITrainer_V5/model_te_direction_xgb_15m.pkl
2025-11-12 20:22:12,979Z - INFO - Loading reg model from /home/ilyamus/GPTGROKWORK/AITrainer_V5/model_te_magnitude_xgb_15m.pkl
2025-11-12 20:22:13,002Z - INFO - Loading event label encoder from /home/ilyamus/GPTGROKWORK/AITrainer_V5/label_encoder_event_te_15m.pkl
2025-11-12 20:22:40,419Z - WARNING - No news fetched for current mode
2025-11-12 20:22:40,424Z - INFO - No predictions to insert
2025-11-12 20:24:11,190Z - INFO - Loading rf model from /home/ilyamus/GPTGROKWORK/AITrainer_V5/model_te_direction_rf_15m.pkl
2025-11-12 20:24:12,253Z - INFO - Loading xgb model from /home/ilyamus/GPTGROKWORK/AITrainer_V5/model_te_direction_xgb_15m.pkl
2025-11-12 20:24:12,297Z - INFO - Loading reg model from /home/ilyamus/GPTGROKWORK/AITrainer_V5/model_te_magnitude_xgb_15m.pkl
2025-11-12 20:24:12,314Z - INFO - Loading event label encoder from /home/ilyamus/GPTGROKWORK/AITrainer_V5/label_encoder_event_te_15m.pkl
2025-11-12 20:24:40,170Z - WARNING - No news fetched for current mode
2025-11-12 20:24:40,174Z - INFO - No predictions to insert
2025-11-12 20:26:11,505Z - INFO - Loading rf model from /home/ilyamus/GPTGROKWORK/AITrainer_V5/model_te_direction_rf_15m.pkl
2025-11-12 20:26:12,457Z - INFO - Loading xgb model from /home/ilyamus/GPTGROKWORK/AITrainer_V5/model_te_direction_xgb_15m.pkl
2025-11-12 20:26:12,508Z - INFO - Loading reg model from /home/ilyamus/GPTGROKWORK/AITrainer_V5/model_te_magnitude_xgb_15m.pkl
2025-11-12 20:26:12,526Z - INFO - Loading event label encoder from /home/ilyamus/GPTGROKWORK/AITrainer_V5/label_encoder_event_te_15m.pkl
2025-11-12 20:26:41,117Z - WARNING - No news fetched for current mode
2025-11-12 20:26:41,119Z - INFO - No predictions to insert
2025-11-12 20:28:11,414Z - INFO - Loading rf model from /home/ilyamus/GPTGROKWORK/AITrainer_V5/model_te_direction_rf_15m.pkl
2025-11-12 20:28:12,309Z - INFO - Loading xgb model from /home/ilyamus/GPTGROKWORK/AITrainer_V5/model_te_direction_xgb_15m.pkl
2025-11-12 20:28:12,357Z - INFO - Loading reg model from /home/ilyamus/GPTGROKWORK/AITrainer_V5/model_te_magnitude_xgb_15m.pkl
2025-11-12 20:28:12,375Z - INFO - Loading event label encoder from /home/ilyamus/GPTGROKWORK/AITrainer_V5/label_encoder_event_te_15m.pkl
2025-11-12 20:28:39,750Z - WARNING - No news fetched for current mode
2025-11-12 20:28:39,753Z - INFO - No predictions to insert
2025-11-12 20:30:12,475Z - INFO - Loading rf model from /home/ilyamus/GPTGROKWORK/AITrainer_V5/model_te_direction_rf_15m.pkl
2025-11-12 20:30:13,499Z - INFO - Loading xgb model from /home/ilyamus/GPTGROKWORK/AITrainer_V5/model_te_direction_xgb_15m.pkl
2025-11-12 20:30:13,562Z - INFO - Loading reg model from /home/ilyamus/GPTGROKWORK/AITrainer_V5/model_te_magnitude_xgb_15m.pkl
2025-11-12 20:30:13,587Z - INFO - Loading event label encoder from /home/ilyamus/GPTGROKWORK/AITrainer_V5/label_encoder_event_te_15m.pkl
2025-11-12 20:30:45,084Z - WARNING - No news fetched for current mode
2025-11-12 20:30:45,086Z - INFO - No predictions to insert
2025-11-12 20:32:11,343Z - INFO - Loading rf model from /home/ilyamus/GPTGROKWORK/AITrainer_V5/model_te_direction_rf_15m.pkl
2025-11-12 20:32:12,230Z - INFO - Loading xgb model from /home/ilyamus/GPTGROKWORK/AITrainer_V5/model_te_direction_xgb_15m.pkl
2025-11-12 20:32:12,277Z - INFO - Loading reg model from /home/ilyamus/GPTGROKWORK/AITrainer_V5/model_te_magnitude_xgb_15m.pkl
2025-11-12 20:32:12,298Z - INFO - Loading event label encoder from /home/ilyamus/GPTGROKWORK/AITrainer_V5/label_encoder_event_te_15m.pkl
2025-11-12 20:32:40,271Z - WARNING - No news fetched for current mode
2025-11-12 20:32:40,274Z - INFO - No predictions to insert
2025-11-12 20:34:11,335Z - INFO - Loading rf model from /home/ilyamus/GPTGROKWORK/AITrainer_V5/model_te_direction_rf_15m.pkl
2025-11-12 20:34:12,231Z - INFO - Loading xgb model from /home/ilyamus/GPTGROKWORK/AITrainer_V5/model_te_direction_xgb_15m.pkl
2025-11-12 20:34:12,276Z - INFO - Loading reg model from /home/ilyamus/GPTGROKWORK/AITrainer_V5/model_te_magnitude_xgb_15m.pkl
2025-11-12 20:34:12,291Z - INFO - Loading event label encoder from /home/ilyamus/GPTGROKWORK/AITrainer_V5/label_encoder_event_te_15m.pkl
2025-11-12 20:34:39,506Z - WARNING - No news fetched for current mode
2025-11-12 20:34:39,511Z - INFO - No predictions to insert
2025-11-12 20:36:12,023Z - INFO - Loading rf model from /home/ilyamus/GPTGROKWORK/AITrainer_V5/model_te_direction_rf_15m.pkl
2025-11-12 20:36:13,143Z - INFO - Loading xgb model from /home/ilyamus/GPTGROKWORK/AITrainer_V5/model_te_direction_xgb_15m.pkl
2025-11-12 20:36:13,197Z - INFO - Loading reg model from /home/ilyamus/GPTGROKWORK/AITrainer_V5/model_te_magnitude_xgb_15m.pkl
2025-11-12 20:36:13,222Z - INFO - Loading event label encoder from /home/ilyamus/GPTGROKWORK/AITrainer_V5/label_encoder_event_te_15m.pkl
2025-11-12 20:36:42,580Z - WARNING - No news fetched for current mode
2025-11-12 20:36:42,584Z - INFO - No predictions to insert
2025-11-12 20:38:10,916Z - INFO - Loading rf model from /home/ilyamus/GPTGROKWORK/AITrainer_V5/model_te_direction_rf_15m.pkl
2025-11-12 20:38:11,849Z - INFO - Loading xgb model from /home/ilyamus/GPTGROKWORK/AITrainer_V5/model_te_direction_xgb_15m.pkl
2025-11-12 20:38:11,894Z - INFO - Loading reg model from /home/ilyamus/GPTGROKWORK/AITrainer_V5/model_te_magnitude_xgb_15m.pkl
2025-11-12 20:38:11,912Z - INFO - Loading event label encoder from /home/ilyamus/GPTGROKWORK/AITrainer_V5/label_encoder_event_te_15m.pkl
2025-11-12 20:38:38,742Z - WARNING - No news fetched for current mode
2025-11-12 20:38:38,746Z - INFO - No predictions to insert
2025-11-12 20:40:11,098Z - INFO - Loading rf model from /home/ilyamus/GPTGROKWORK/AITrainer_V5/model_te_direction_rf_15m.pkl
2025-11-12 20:40:12,092Z - INFO - Loading xgb model from /home/ilyamus/GPTGROKWORK/AITrainer_V5/model_te_direction_xgb_15m.pkl
2025-11-12 20:40:12,140Z - INFO - Loading reg model from /home/ilyamus/GPTGROKWORK/AITrainer_V5/model_te_magnitude_xgb_15m.pkl
2025-11-12 20:40:12,158Z - INFO - Loading event label encoder from /home/ilyamus/GPTGROKWORK/AITrainer_V5/label_encoder_event_te_15m.pkl
2025-11-12 20:40:40,978Z - WARNING - No news fetched for current mode
2025-11-12 20:40:40,981Z - INFO - No predictions to insert
2025-11-12 20:42:11,815Z - INFO - Loading rf model from /home/ilyamus/GPTGROKWORK/AITrainer_V5/model_te_direction_rf_15m.pkl
2025-11-12 20:42:12,919Z - INFO - Loading xgb model from /home/ilyamus/GPTGROKWORK/AITrainer_V5/model_te_direction_xgb_15m.pkl
2025-11-12 20:42:13,001Z - INFO - Loading reg model from /home/ilyamus/GPTGROKWORK/AITrainer_V5/model_te_magnitude_xgb_15m.pkl
2025-11-12 20:42:13,038Z - INFO - Loading event label encoder from /home/ilyamus/GPTGROKWORK/AITrainer_V5/label_encoder_event_te_15m.pkl
2025-11-12 20:42:39,807Z - WARNING - No news fetched for current mode
2025-11-12 20:42:39,811Z - INFO - No predictions to insert
2025-11-12 20:44:11,515Z - INFO - Loading rf model from /home/ilyamus/GPTGROKWORK/AITrainer_V5/model_te_direction_rf_15m.pkl
2025-11-12 20:44:12,395Z - INFO - Loading xgb model from /home/ilyamus/GPTGROKWORK/AITrainer_V5/model_te_direction_xgb_15m.pkl
2025-11-12 20:44:12,443Z - INFO - Loading reg model from /home/ilyamus/GPTGROKWORK/AITrainer_V5/model_te_magnitude_xgb_15m.pkl
2025-11-12 20:44:12,458Z - INFO - Loading event label encoder from /home/ilyamus/GPTGROKWORK/AITrainer_V5/label_encoder_event_te_15m.pkl
2025-11-12 20:44:38,719Z - WARNING - No news fetched for current mode
2025-11-12 20:44:38,722Z - INFO - No predictions to insert
2025-11-12 20:46:11,768Z - INFO - Loading rf model from /home/ilyamus/GPTGROKWORK/AITrainer_V5/model_te_direction_rf_15m.pkl
2025-11-12 20:46:12,818Z - INFO - Loading xgb model from /home/ilyamus/GPTGROKWORK/AITrainer_V5/model_te_direction_xgb_15m.pkl
2025-11-12 20:46:12,878Z - INFO - Loading reg model from /home/ilyamus/GPTGROKWORK/AITrainer_V5/model_te_magnitude_xgb_15m.pkl
2025-11-12 20:46:12,895Z - INFO - Loading event label encoder from /home/ilyamus/GPTGROKWORK/AITrainer_V5/label_encoder_event_te_15m.pkl
2025-11-12 20:46:43,330Z - WARNING - No news fetched for current mode
2025-11-12 20:46:43,335Z - INFO - No predictions to insert
2025-11-12 20:48:11,540Z - INFO - Loading rf model from /home/ilyamus/GPTGROKWORK/AITrainer_V5/model_te_direction_rf_15m.pkl
2025-11-12 20:48:12,527Z - INFO - Loading xgb model from /home/ilyamus/GPTGROKWORK/AITrainer_V5/model_te_direction_xgb_15m.pkl
2025-11-12 20:48:12,589Z - INFO - Loading reg model from /home/ilyamus/GPTGROKWORK/AITrainer_V5/model_te_magnitude_xgb_15m.pkl
2025-11-12 20:48:12,617Z - INFO - Loading event label encoder from /home/ilyamus/GPTGROKWORK/AITrainer_V5/label_encoder_event_te_15m.pkl
2025-11-12 20:48:39,468Z - WARNING - No news fetched for current mode
2025-11-12 20:48:39,472Z - INFO - No predictions to insert
2025-11-12 20:50:12,017Z - INFO - Loading rf model from /home/ilyamus/GPTGROKWORK/AITrainer_V5/model_te_direction_rf_15m.pkl
2025-11-12 20:50:13,080Z - INFO - Loading xgb model from /home/ilyamus/GPTGROKWORK/AITrainer_V5/model_te_direction_xgb_15m.pkl
2025-11-12 20:50:13,132Z - INFO - Loading reg model from /home/ilyamus/GPTGROKWORK/AITrainer_V5/model_te_magnitude_xgb_15m.pkl
2025-11-12 20:50:13,153Z - INFO - Loading event label encoder from /home/ilyamus/GPTGROKWORK/AITrainer_V5/label_encoder_event_te_15m.pkl
2025-11-12 20:50:43,022Z - WARNING - No news fetched for current mode
2025-11-12 20:50:43,025Z - INFO - No predictions to insert
2025-11-12 20:52:11,121Z - INFO - Loading rf model from /home/ilyamus/GPTGROKWORK/AITrainer_V5/model_te_direction_rf_15m.pkl
2025-11-12 20:52:12,081Z - INFO - Loading xgb model from /home/ilyamus/GPTGROKWORK/AITrainer_V5/model_te_direction_xgb_15m.pkl
2025-11-12 20:52:12,138Z - INFO - Loading reg model from /home/ilyamus/GPTGROKWORK/AITrainer_V5/model_te_magnitude_xgb_15m.pkl
2025-11-12 20:52:12,161Z - INFO - Loading event label encoder from /home/ilyamus/GPTGROKWORK/AITrainer_V5/label_encoder_event_te_15m.pkl
2025-11-12 20:52:38,987Z - WARNING - No news fetched for current mode
2025-11-12 20:52:38,990Z - INFO - No predictions to insert
2025-11-12 20:54:11,378Z - INFO - Loading rf model from /home/ilyamus/GPTGROKWORK/AITrainer_V5/model_te_direction_rf_15m.pkl
2025-11-12 20:54:12,471Z - INFO - Loading xgb model from /home/ilyamus/GPTGROKWORK/AITrainer_V5/model_te_direction_xgb_15m.pkl
2025-11-12 20:54:12,535Z - INFO - Loading reg model from /home/ilyamus/GPTGROKWORK/AITrainer_V5/model_te_magnitude_xgb_15m.pkl
2025-11-12 20:54:12,560Z - INFO - Loading event label encoder from /home/ilyamus/GPTGROKWORK/AITrainer_V5/label_encoder_event_te_15m.pkl
2025-11-12 20:54:40,395Z - WARNING - No news fetched for current mode
2025-11-12 20:54:40,398Z - INFO - No predictions to insert
2025-11-12 20:56:11,799Z - INFO - Loading rf model from /home/ilyamus/GPTGROKWORK/AITrainer_V5/model_te_direction_rf_15m.pkl
2025-11-12 20:56:12,889Z - INFO - Loading xgb model from /home/ilyamus/GPTGROKWORK/AITrainer_V5/model_te_direction_xgb_15m.pkl
2025-11-12 20:56:12,937Z - INFO - Loading reg model from /home/ilyamus/GPTGROKWORK/AITrainer_V5/model_te_magnitude_xgb_15m.pkl
2025-11-12 20:56:12,956Z - INFO - Loading event label encoder from /home/ilyamus/GPTGROKWORK/AITrainer_V5/label_encoder_event_te_15m.pkl
2025-11-12 20:56:41,169Z - WARNING - No news fetched for current mode
2025-11-12 20:56:41,172Z - INFO - No predictions to insert
2025-11-12 20:58:11,704Z - INFO - Loading rf model from /home/ilyamus/GPTGROKWORK/AITrainer_V5/model_te_direction_rf_15m.pkl
2025-11-12 20:58:12,699Z - INFO - Loading xgb model from /home/ilyamus/GPTGROKWORK/AITrainer_V5/model_te_direction_xgb_15m.pkl
2025-11-12 20:58:12,749Z - INFO - Loading reg model from /home/ilyamus/GPTGROKWORK/AITrainer_V5/model_te_magnitude_xgb_15m.pkl
2025-11-12 20:58:12,768Z - INFO - Loading event label encoder from /home/ilyamus/GPTGROKWORK/AITrainer_V5/label_encoder_event_te_15m.pkl
2025-11-12 20:58:39,754Z - WARNING - No news fetched for current mode
2025-11-12 20:58:39,757Z - INFO - No predictions to insert
2025-11-12 21:00:12,203Z - INFO - Loading rf model from /home/ilyamus/GPTGROKWORK/AITrainer_V5/model_te_direction_rf_15m.pkl
2025-11-12 21:00:13,222Z - INFO - Loading xgb model from /home/ilyamus/GPTGROKWORK/AITrainer_V5/model_te_direction_xgb_15m.pkl
2025-11-12 21:00:13,291Z - INFO - Loading reg model from /home/ilyamus/GPTGROKWORK/AITrainer_V5/model_te_magnitude_xgb_15m.pkl
2025-11-12 21:00:13,316Z - INFO - Loading event label encoder from /home/ilyamus/GPTGROKWORK/AITrainer_V5/label_encoder_event_te_15m.pkl
2025-11-12 21:01:14,281Z - WARNING - No news fetched for current mode
2025-11-12 21:01:14,284Z - INFO - No predictions to insert
2025-11-12 21:02:12,185Z - INFO - Loading rf model from /home/ilyamus/GPTGROKWORK/AITrainer_V5/model_te_direction_rf_15m.pkl
2025-11-12 21:02:13,350Z - INFO - Loading xgb model from /home/ilyamus/GPTGROKWORK/AITrainer_V5/model_te_direction_xgb_15m.pkl
2025-11-12 21:02:13,417Z - INFO - Loading reg model from /home/ilyamus/GPTGROKWORK/AITrainer_V5/model_te_magnitude_xgb_15m.pkl
2025-11-12 21:02:13,447Z - INFO - Loading event label encoder from /home/ilyamus/GPTGROKWORK/AITrainer_V5/label_encoder_event_te_15m.pkl
2025-11-12 21:02:46,918Z - WARNING - No news fetched for current mode
2025-11-12 21:02:46,922Z - INFO - No predictions to insert
2025-11-12 21:04:11,096Z - INFO - Loading rf model from /home/ilyamus/GPTGROKWORK/AITrainer_V5/model_te_direction_rf_15m.pkl
2025-11-12 21:04:12,171Z - INFO - Loading xgb model from /home/ilyamus/GPTGROKWORK/AITrainer_V5/model_te_direction_xgb_15m.pkl
2025-11-12 21:04:12,229Z - INFO - Loading reg model from /home/ilyamus/GPTGROKWORK/AITrainer_V5/model_te_magnitude_xgb_15m.pkl
2025-11-12 21:04:12,253Z - INFO - Loading event label encoder from /home/ilyamus/GPTGROKWORK/AITrainer_V5/label_encoder_event_te_15m.pkl
2025-11-12 21:04:42,217Z - WARNING - No news fetched for current mode
2025-11-12 21:04:42,220Z - INFO - No predictions to insert
2025-11-12 21:06:11,268Z - INFO - Loading rf model from /home/ilyamus/GPTGROKWORK/AITrainer_V5/model_te_direction_rf_15m.pkl
2025-11-12 21:06:12,381Z - INFO - Loading xgb model from /home/ilyamus/GPTGROKWORK/AITrainer_V5/model_te_direction_xgb_15m.pkl
2025-11-12 21:06:12,436Z - INFO - Loading reg model from /home/ilyamus/GPTGROKWORK/AITrainer_V5/model_te_magnitude_xgb_15m.pkl
2025-11-12 21:06:12,460Z - INFO - Loading event label encoder from /home/ilyamus/GPTGROKWORK/AITrainer_V5/label_encoder_event_te_15m.pkl
2025-11-12 21:07:00,890Z - ERROR - Unhandled exception in predict_V19F_to_db
Traceback (most recent call last):
  File "/usr/local/lib64/python3.12/site-packages/pandas/core/arrays/datetimelike.py", line 536, in _validate_comparison_value
    self._check_compatible_with(other)
  File "/usr/local/lib64/python3.12/site-packages/pandas/core/arrays/datetimes.py", line 540, in _check_compatible_with
    self._assert_tzawareness_compat(other)
  File "/usr/local/lib64/python3.12/site-packages/pandas/core/arrays/datetimes.py", line 782, in _assert_tzawareness_compat
    raise TypeError(
TypeError: Cannot compare tz-naive and tz-aware datetime-like objects.

The above exception was the direct cause of the following exception:

Traceback (most recent call last):
  File "/usr/local/lib64/python3.12/site-packages/pandas/core/arrays/datetimelike.py", line 983, in _cmp_method
    other = self._validate_comparison_value(other)
            ^^^^^^^^^^^^^^^^^^^^^^^^^^^^^^^^^^^^^^
  File "/usr/local/lib64/python3.12/site-packages/pandas/core/arrays/datetimelike.py", line 539, in _validate_comparison_value
    raise InvalidComparison(other) from err
pandas.errors.InvalidComparison: 2025-11-12 19:07:00+00:00

During handling of the above exception, another exception occurred:

Traceback (most recent call last):
  File "/home/ilyamus/GPTGROKWORK/AITrainer_V5/predict_V19F_to_db.py", line 1036, in <module>
    main()
  File "/home/ilyamus/GPTGROKWORK/AITrainer_V5/predict_V19F_to_db.py", line 1017, in main
    news = _load_news(engine)
           ^^^^^^^^^^^^^^^^^^
  File "/home/ilyamus/GPTGROKWORK/AITrainer_V5/predict_V19F_to_db.py", line 325, in _load_news
    df = df[(df["timestamp_utc"] >= now_utc) & (df["timestamp_utc"] <= end_utc)].copy()
             ^^^^^^^^^^^^^^^^^^^^^^^^^^^^^^
  File "/usr/local/lib64/python3.12/site-packages/pandas/core/ops/common.py", line 76, in new_method
    return method(self, other)
           ^^^^^^^^^^^^^^^^^^^
  File "/usr/local/lib64/python3.12/site-packages/pandas/core/arraylike.py", line 60, in __ge__
    return self._cmp_method(other, operator.ge)
           ^^^^^^^^^^^^^^^^^^^^^^^^^^^^^^^^^^^^
  File "/usr/local/lib64/python3.12/site-packages/pandas/core/series.py", line 6119, in _cmp_method
    res_values = ops.comparison_op(lvalues, rvalues, op)
                 ^^^^^^^^^^^^^^^^^^^^^^^^^^^^^^^^^^^^^^^
  File "/usr/local/lib64/python3.12/site-packages/pandas/core/ops/array_ops.py", line 330, in comparison_op
    res_values = op(lvalues, rvalues)
                 ^^^^^^^^^^^^^^^^^^^^
  File "/usr/local/lib64/python3.12/site-packages/pandas/core/ops/common.py", line 76, in new_method
    return method(self, other)
           ^^^^^^^^^^^^^^^^^^^
  File "/usr/local/lib64/python3.12/site-packages/pandas/core/arraylike.py", line 60, in __ge__
    return self._cmp_method(other, operator.ge)
           ^^^^^^^^^^^^^^^^^^^^^^^^^^^^^^^^^^^^
  File "/usr/local/lib64/python3.12/site-packages/pandas/core/arrays/datetimelike.py", line 985, in _cmp_method
    return invalid_comparison(self, other, op)
           ^^^^^^^^^^^^^^^^^^^^^^^^^^^^^^^^^^^
  File "/usr/local/lib64/python3.12/site-packages/pandas/core/ops/invalid.py", line 40, in invalid_comparison
    raise TypeError(f"Invalid comparison between dtype={left.dtype} and {typ}")
TypeError: Invalid comparison between dtype=datetime64[ns] and Timestamp
2025-11-12 21:08:11,771Z - INFO - Loading rf model from /home/ilyamus/GPTGROKWORK/AITrainer_V5/model_te_direction_rf_15m.pkl
2025-11-12 21:08:12,787Z - INFO - Loading xgb model from /home/ilyamus/GPTGROKWORK/AITrainer_V5/model_te_direction_xgb_15m.pkl
2025-11-12 21:08:12,841Z - INFO - Loading reg model from /home/ilyamus/GPTGROKWORK/AITrainer_V5/model_te_magnitude_xgb_15m.pkl
2025-11-12 21:08:12,859Z - INFO - Loading event label encoder from /home/ilyamus/GPTGROKWORK/AITrainer_V5/label_encoder_event_te_15m.pkl
2025-11-12 21:08:46,483Z - ERROR - Unhandled exception in predict_V19F_to_db
Traceback (most recent call last):
  File "/usr/local/lib64/python3.12/site-packages/pandas/core/arrays/datetimelike.py", line 536, in _validate_comparison_value
    self._check_compatible_with(other)
  File "/usr/local/lib64/python3.12/site-packages/pandas/core/arrays/datetimes.py", line 540, in _check_compatible_with
    self._assert_tzawareness_compat(other)
  File "/usr/local/lib64/python3.12/site-packages/pandas/core/arrays/datetimes.py", line 782, in _assert_tzawareness_compat
    raise TypeError(
TypeError: Cannot compare tz-naive and tz-aware datetime-like objects.

The above exception was the direct cause of the following exception:

Traceback (most recent call last):
  File "/usr/local/lib64/python3.12/site-packages/pandas/core/arrays/datetimelike.py", line 983, in _cmp_method
    other = self._validate_comparison_value(other)
            ^^^^^^^^^^^^^^^^^^^^^^^^^^^^^^^^^^^^^^
  File "/usr/local/lib64/python3.12/site-packages/pandas/core/arrays/datetimelike.py", line 539, in _validate_comparison_value
    raise InvalidComparison(other) from err
pandas.errors.InvalidComparison: 2025-11-12 19:08:00+00:00

During handling of the above exception, another exception occurred:

Traceback (most recent call last):
  File "/home/ilyamus/GPTGROKWORK/AITrainer_V5/predict_V19F_to_db.py", line 1036, in <module>
    main()
  File "/home/ilyamus/GPTGROKWORK/AITrainer_V5/predict_V19F_to_db.py", line 1017, in main
    news = _load_news(engine)
           ^^^^^^^^^^^^^^^^^^
  File "/home/ilyamus/GPTGROKWORK/AITrainer_V5/predict_V19F_to_db.py", line 325, in _load_news
    df = df[(df["timestamp_utc"] >= now_utc) & (df["timestamp_utc"] <= end_utc)].copy()
             ^^^^^^^^^^^^^^^^^^^^^^^^^^^^^^
  File "/usr/local/lib64/python3.12/site-packages/pandas/core/ops/common.py", line 76, in new_method
    return method(self, other)
           ^^^^^^^^^^^^^^^^^^^
  File "/usr/local/lib64/python3.12/site-packages/pandas/core/arraylike.py", line 60, in __ge__
    return self._cmp_method(other, operator.ge)
           ^^^^^^^^^^^^^^^^^^^^^^^^^^^^^^^^^^^^
  File "/usr/local/lib64/python3.12/site-packages/pandas/core/series.py", line 6119, in _cmp_method
    res_values = ops.comparison_op(lvalues, rvalues, op)
                 ^^^^^^^^^^^^^^^^^^^^^^^^^^^^^^^^^^^^^^^
  File "/usr/local/lib64/python3.12/site-packages/pandas/core/ops/array_ops.py", line 330, in comparison_op
    res_values = op(lvalues, rvalues)
                 ^^^^^^^^^^^^^^^^^^^^
  File "/usr/local/lib64/python3.12/site-packages/pandas/core/ops/common.py", line 76, in new_method
    return method(self, other)
           ^^^^^^^^^^^^^^^^^^^
  File "/usr/local/lib64/python3.12/site-packages/pandas/core/arraylike.py", line 60, in __ge__
    return self._cmp_method(other, operator.ge)
           ^^^^^^^^^^^^^^^^^^^^^^^^^^^^^^^^^^^^
  File "/usr/local/lib64/python3.12/site-packages/pandas/core/arrays/datetimelike.py", line 985, in _cmp_method
    return invalid_comparison(self, other, op)
           ^^^^^^^^^^^^^^^^^^^^^^^^^^^^^^^^^^^
  File "/usr/local/lib64/python3.12/site-packages/pandas/core/ops/invalid.py", line 40, in invalid_comparison
    raise TypeError(f"Invalid comparison between dtype={left.dtype} and {typ}")
TypeError: Invalid comparison between dtype=datetime64[ns] and Timestamp
2025-11-12 21:10:11,793Z - INFO - Loading rf model from /home/ilyamus/GPTGROKWORK/AITrainer_V5/model_te_direction_rf_15m.pkl
2025-11-12 21:10:12,960Z - INFO - Loading xgb model from /home/ilyamus/GPTGROKWORK/AITrainer_V5/model_te_direction_xgb_15m.pkl
2025-11-12 21:10:13,023Z - INFO - Loading reg model from /home/ilyamus/GPTGROKWORK/AITrainer_V5/model_te_magnitude_xgb_15m.pkl
2025-11-12 21:10:13,048Z - INFO - Loading event label encoder from /home/ilyamus/GPTGROKWORK/AITrainer_V5/label_encoder_event_te_15m.pkl
2025-11-12 21:10:42,467Z - ERROR - Unhandled exception in predict_V19F_to_db
Traceback (most recent call last):
  File "/usr/local/lib64/python3.12/site-packages/pandas/core/arrays/datetimelike.py", line 536, in _validate_comparison_value
    self._check_compatible_with(other)
  File "/usr/local/lib64/python3.12/site-packages/pandas/core/arrays/datetimes.py", line 540, in _check_compatible_with
    self._assert_tzawareness_compat(other)
  File "/usr/local/lib64/python3.12/site-packages/pandas/core/arrays/datetimes.py", line 782, in _assert_tzawareness_compat
    raise TypeError(
TypeError: Cannot compare tz-naive and tz-aware datetime-like objects.

The above exception was the direct cause of the following exception:

Traceback (most recent call last):
  File "/usr/local/lib64/python3.12/site-packages/pandas/core/arrays/datetimelike.py", line 983, in _cmp_method
    other = self._validate_comparison_value(other)
            ^^^^^^^^^^^^^^^^^^^^^^^^^^^^^^^^^^^^^^
  File "/usr/local/lib64/python3.12/site-packages/pandas/core/arrays/datetimelike.py", line 539, in _validate_comparison_value
    raise InvalidComparison(other) from err
pandas.errors.InvalidComparison: 2025-11-12 19:10:00+00:00

During handling of the above exception, another exception occurred:

Traceback (most recent call last):
  File "/home/ilyamus/GPTGROKWORK/AITrainer_V5/predict_V19F_to_db.py", line 1036, in <module>
    main()
  File "/home/ilyamus/GPTGROKWORK/AITrainer_V5/predict_V19F_to_db.py", line 1017, in main
    news = _load_news(engine)
           ^^^^^^^^^^^^^^^^^^
  File "/home/ilyamus/GPTGROKWORK/AITrainer_V5/predict_V19F_to_db.py", line 325, in _load_news
    df = df[(df["timestamp_utc"] >= now_utc) & (df["timestamp_utc"] <= end_utc)].copy()
             ^^^^^^^^^^^^^^^^^^^^^^^^^^^^^^
  File "/usr/local/lib64/python3.12/site-packages/pandas/core/ops/common.py", line 76, in new_method
    return method(self, other)
           ^^^^^^^^^^^^^^^^^^^
  File "/usr/local/lib64/python3.12/site-packages/pandas/core/arraylike.py", line 60, in __ge__
    return self._cmp_method(other, operator.ge)
           ^^^^^^^^^^^^^^^^^^^^^^^^^^^^^^^^^^^^
  File "/usr/local/lib64/python3.12/site-packages/pandas/core/series.py", line 6119, in _cmp_method
    res_values = ops.comparison_op(lvalues, rvalues, op)
                 ^^^^^^^^^^^^^^^^^^^^^^^^^^^^^^^^^^^^^^^
  File "/usr/local/lib64/python3.12/site-packages/pandas/core/ops/array_ops.py", line 330, in comparison_op
    res_values = op(lvalues, rvalues)
                 ^^^^^^^^^^^^^^^^^^^^
  File "/usr/local/lib64/python3.12/site-packages/pandas/core/ops/common.py", line 76, in new_method
    return method(self, other)
           ^^^^^^^^^^^^^^^^^^^
  File "/usr/local/lib64/python3.12/site-packages/pandas/core/arraylike.py", line 60, in __ge__
    return self._cmp_method(other, operator.ge)
           ^^^^^^^^^^^^^^^^^^^^^^^^^^^^^^^^^^^^
  File "/usr/local/lib64/python3.12/site-packages/pandas/core/arrays/datetimelike.py", line 985, in _cmp_method
    return invalid_comparison(self, other, op)
           ^^^^^^^^^^^^^^^^^^^^^^^^^^^^^^^^^^^
  File "/usr/local/lib64/python3.12/site-packages/pandas/core/ops/invalid.py", line 40, in invalid_comparison
    raise TypeError(f"Invalid comparison between dtype={left.dtype} and {typ}")
TypeError: Invalid comparison between dtype=datetime64[ns] and Timestamp
2025-11-12 21:12:11,469Z - INFO - Loading rf model from /home/ilyamus/GPTGROKWORK/AITrainer_V5/model_te_direction_rf_15m.pkl
2025-11-12 21:12:12,452Z - INFO - Loading xgb model from /home/ilyamus/GPTGROKWORK/AITrainer_V5/model_te_direction_xgb_15m.pkl
2025-11-12 21:12:12,509Z - INFO - Loading reg model from /home/ilyamus/GPTGROKWORK/AITrainer_V5/model_te_magnitude_xgb_15m.pkl
2025-11-12 21:12:12,530Z - INFO - Loading event label encoder from /home/ilyamus/GPTGROKWORK/AITrainer_V5/label_encoder_event_te_15m.pkl
2025-11-12 21:12:41,889Z - ERROR - Unhandled exception in predict_V19F_to_db
Traceback (most recent call last):
  File "/usr/local/lib64/python3.12/site-packages/pandas/core/arrays/datetimelike.py", line 536, in _validate_comparison_value
    self._check_compatible_with(other)
  File "/usr/local/lib64/python3.12/site-packages/pandas/core/arrays/datetimes.py", line 540, in _check_compatible_with
    self._assert_tzawareness_compat(other)
  File "/usr/local/lib64/python3.12/site-packages/pandas/core/arrays/datetimes.py", line 782, in _assert_tzawareness_compat
    raise TypeError(
TypeError: Cannot compare tz-naive and tz-aware datetime-like objects.

The above exception was the direct cause of the following exception:

Traceback (most recent call last):
  File "/usr/local/lib64/python3.12/site-packages/pandas/core/arrays/datetimelike.py", line 983, in _cmp_method
    other = self._validate_comparison_value(other)
            ^^^^^^^^^^^^^^^^^^^^^^^^^^^^^^^^^^^^^^
  File "/usr/local/lib64/python3.12/site-packages/pandas/core/arrays/datetimelike.py", line 539, in _validate_comparison_value
    raise InvalidComparison(other) from err
pandas.errors.InvalidComparison: 2025-11-12 19:12:00+00:00

During handling of the above exception, another exception occurred:

Traceback (most recent call last):
  File "/home/ilyamus/GPTGROKWORK/AITrainer_V5/predict_V19F_to_db.py", line 1036, in <module>
    main()
  File "/home/ilyamus/GPTGROKWORK/AITrainer_V5/predict_V19F_to_db.py", line 1017, in main
    news = _load_news(engine)
           ^^^^^^^^^^^^^^^^^^
  File "/home/ilyamus/GPTGROKWORK/AITrainer_V5/predict_V19F_to_db.py", line 325, in _load_news
    df = df[(df["timestamp_utc"] >= now_utc) & (df["timestamp_utc"] <= end_utc)].copy()
             ^^^^^^^^^^^^^^^^^^^^^^^^^^^^^^
  File "/usr/local/lib64/python3.12/site-packages/pandas/core/ops/common.py", line 76, in new_method
    return method(self, other)
           ^^^^^^^^^^^^^^^^^^^
  File "/usr/local/lib64/python3.12/site-packages/pandas/core/arraylike.py", line 60, in __ge__
    return self._cmp_method(other, operator.ge)
           ^^^^^^^^^^^^^^^^^^^^^^^^^^^^^^^^^^^^
  File "/usr/local/lib64/python3.12/site-packages/pandas/core/series.py", line 6119, in _cmp_method
    res_values = ops.comparison_op(lvalues, rvalues, op)
                 ^^^^^^^^^^^^^^^^^^^^^^^^^^^^^^^^^^^^^^^
  File "/usr/local/lib64/python3.12/site-packages/pandas/core/ops/array_ops.py", line 330, in comparison_op
    res_values = op(lvalues, rvalues)
                 ^^^^^^^^^^^^^^^^^^^^
  File "/usr/local/lib64/python3.12/site-packages/pandas/core/ops/common.py", line 76, in new_method
    return method(self, other)
           ^^^^^^^^^^^^^^^^^^^
  File "/usr/local/lib64/python3.12/site-packages/pandas/core/arraylike.py", line 60, in __ge__
    return self._cmp_method(other, operator.ge)
           ^^^^^^^^^^^^^^^^^^^^^^^^^^^^^^^^^^^^
  File "/usr/local/lib64/python3.12/site-packages/pandas/core/arrays/datetimelike.py", line 985, in _cmp_method
    return invalid_comparison(self, other, op)
           ^^^^^^^^^^^^^^^^^^^^^^^^^^^^^^^^^^^
  File "/usr/local/lib64/python3.12/site-packages/pandas/core/ops/invalid.py", line 40, in invalid_comparison
    raise TypeError(f"Invalid comparison between dtype={left.dtype} and {typ}")
TypeError: Invalid comparison between dtype=datetime64[ns] and Timestamp
2025-11-12 21:14:11,909Z - INFO - Loading rf model from /home/ilyamus/GPTGROKWORK/AITrainer_V5/model_te_direction_rf_15m.pkl
2025-11-12 21:14:12,976Z - INFO - Loading xgb model from /home/ilyamus/GPTGROKWORK/AITrainer_V5/model_te_direction_xgb_15m.pkl
2025-11-12 21:14:13,023Z - INFO - Loading reg model from /home/ilyamus/GPTGROKWORK/AITrainer_V5/model_te_magnitude_xgb_15m.pkl
2025-11-12 21:14:13,043Z - INFO - Loading event label encoder from /home/ilyamus/GPTGROKWORK/AITrainer_V5/label_encoder_event_te_15m.pkl
2025-11-12 21:14:43,427Z - ERROR - Unhandled exception in predict_V19F_to_db
Traceback (most recent call last):
  File "/usr/local/lib64/python3.12/site-packages/pandas/core/arrays/datetimelike.py", line 536, in _validate_comparison_value
    self._check_compatible_with(other)
  File "/usr/local/lib64/python3.12/site-packages/pandas/core/arrays/datetimes.py", line 540, in _check_compatible_with
    self._assert_tzawareness_compat(other)
  File "/usr/local/lib64/python3.12/site-packages/pandas/core/arrays/datetimes.py", line 782, in _assert_tzawareness_compat
    raise TypeError(
TypeError: Cannot compare tz-naive and tz-aware datetime-like objects.

The above exception was the direct cause of the following exception:

Traceback (most recent call last):
  File "/usr/local/lib64/python3.12/site-packages/pandas/core/arrays/datetimelike.py", line 983, in _cmp_method
    other = self._validate_comparison_value(other)
            ^^^^^^^^^^^^^^^^^^^^^^^^^^^^^^^^^^^^^^
  File "/usr/local/lib64/python3.12/site-packages/pandas/core/arrays/datetimelike.py", line 539, in _validate_comparison_value
    raise InvalidComparison(other) from err
pandas.errors.InvalidComparison: 2025-11-12 19:14:00+00:00

During handling of the above exception, another exception occurred:

Traceback (most recent call last):
  File "/home/ilyamus/GPTGROKWORK/AITrainer_V5/predict_V19F_to_db.py", line 1036, in <module>
    main()
  File "/home/ilyamus/GPTGROKWORK/AITrainer_V5/predict_V19F_to_db.py", line 1017, in main
    news = _load_news(engine)
           ^^^^^^^^^^^^^^^^^^
  File "/home/ilyamus/GPTGROKWORK/AITrainer_V5/predict_V19F_to_db.py", line 325, in _load_news
    df = df[(df["timestamp_utc"] >= now_utc) & (df["timestamp_utc"] <= end_utc)].copy()
             ^^^^^^^^^^^^^^^^^^^^^^^^^^^^^^
  File "/usr/local/lib64/python3.12/site-packages/pandas/core/ops/common.py", line 76, in new_method
    return method(self, other)
           ^^^^^^^^^^^^^^^^^^^
  File "/usr/local/lib64/python3.12/site-packages/pandas/core/arraylike.py", line 60, in __ge__
    return self._cmp_method(other, operator.ge)
           ^^^^^^^^^^^^^^^^^^^^^^^^^^^^^^^^^^^^
  File "/usr/local/lib64/python3.12/site-packages/pandas/core/series.py", line 6119, in _cmp_method
    res_values = ops.comparison_op(lvalues, rvalues, op)
                 ^^^^^^^^^^^^^^^^^^^^^^^^^^^^^^^^^^^^^^^
  File "/usr/local/lib64/python3.12/site-packages/pandas/core/ops/array_ops.py", line 330, in comparison_op
    res_values = op(lvalues, rvalues)
                 ^^^^^^^^^^^^^^^^^^^^
  File "/usr/local/lib64/python3.12/site-packages/pandas/core/ops/common.py", line 76, in new_method
    return method(self, other)
           ^^^^^^^^^^^^^^^^^^^
  File "/usr/local/lib64/python3.12/site-packages/pandas/core/arraylike.py", line 60, in __ge__
    return self._cmp_method(other, operator.ge)
           ^^^^^^^^^^^^^^^^^^^^^^^^^^^^^^^^^^^^
  File "/usr/local/lib64/python3.12/site-packages/pandas/core/arrays/datetimelike.py", line 985, in _cmp_method
    return invalid_comparison(self, other, op)
           ^^^^^^^^^^^^^^^^^^^^^^^^^^^^^^^^^^^
  File "/usr/local/lib64/python3.12/site-packages/pandas/core/ops/invalid.py", line 40, in invalid_comparison
    raise TypeError(f"Invalid comparison between dtype={left.dtype} and {typ}")
TypeError: Invalid comparison between dtype=datetime64[ns] and Timestamp
2025-11-12 21:15:45,604Z - INFO - Loading rf model from /home/ilyamus/GPTGROKWORK/AITrainer_V5/model_te_direction_rf_15m.pkl
2025-11-12 21:15:46,555Z - INFO - Loading xgb model from /home/ilyamus/GPTGROKWORK/AITrainer_V5/model_te_direction_xgb_15m.pkl
2025-11-12 21:15:46,609Z - INFO - Loading reg model from /home/ilyamus/GPTGROKWORK/AITrainer_V5/model_te_magnitude_xgb_15m.pkl
2025-11-12 21:15:46,627Z - INFO - Loading event label encoder from /home/ilyamus/GPTGROKWORK/AITrainer_V5/label_encoder_event_te_15m.pkl
2025-11-12 21:16:11,783Z - INFO - Loading rf model from /home/ilyamus/GPTGROKWORK/AITrainer_V5/model_te_direction_rf_15m.pkl
2025-11-12 21:16:12,741Z - INFO - Loading xgb model from /home/ilyamus/GPTGROKWORK/AITrainer_V5/model_te_direction_xgb_15m.pkl
2025-11-12 21:16:12,796Z - INFO - Loading reg model from /home/ilyamus/GPTGROKWORK/AITrainer_V5/model_te_magnitude_xgb_15m.pkl
2025-11-12 21:16:12,817Z - INFO - Loading event label encoder from /home/ilyamus/GPTGROKWORK/AITrainer_V5/label_encoder_event_te_15m.pkl
2025-11-12 21:16:17,997Z - ERROR - Unhandled exception in predict_V19F_to_db
Traceback (most recent call last):
  File "/usr/local/lib64/python3.12/site-packages/pandas/core/arrays/datetimelike.py", line 536, in _validate_comparison_value
    self._check_compatible_with(other)
  File "/usr/local/lib64/python3.12/site-packages/pandas/core/arrays/datetimes.py", line 540, in _check_compatible_with
    self._assert_tzawareness_compat(other)
  File "/usr/local/lib64/python3.12/site-packages/pandas/core/arrays/datetimes.py", line 782, in _assert_tzawareness_compat
    raise TypeError(
TypeError: Cannot compare tz-naive and tz-aware datetime-like objects.

The above exception was the direct cause of the following exception:

Traceback (most recent call last):
  File "/usr/local/lib64/python3.12/site-packages/pandas/core/arrays/datetimelike.py", line 983, in _cmp_method
    other = self._validate_comparison_value(other)
            ^^^^^^^^^^^^^^^^^^^^^^^^^^^^^^^^^^^^^^
  File "/usr/local/lib64/python3.12/site-packages/pandas/core/arrays/datetimelike.py", line 539, in _validate_comparison_value
    raise InvalidComparison(other) from err
pandas.errors.InvalidComparison: 2025-11-12 19:01:00+00:00

During handling of the above exception, another exception occurred:

Traceback (most recent call last):
  File "/home/ilyamus/GPTGROKWORK/AITrainer_V5/predict_V19F_to_db.py", line 1048, in <module>
    main()
  File "/home/ilyamus/GPTGROKWORK/AITrainer_V5/predict_V19F_to_db.py", line 1029, in main
    news = _load_news(engine)
           ^^^^^^^^^^^^^^^^^^
  File "/home/ilyamus/GPTGROKWORK/AITrainer_V5/predict_V19F_to_db.py", line 327, in _load_news
    df = df[(df["timestamp_utc"] >= start_utc) & (df["timestamp_utc"] <= end_utc)].copy()
             ^^^^^^^^^^^^^^^^^^^^^^^^^^^^^^^^
  File "/usr/local/lib64/python3.12/site-packages/pandas/core/ops/common.py", line 76, in new_method
    return method(self, other)
           ^^^^^^^^^^^^^^^^^^^
  File "/usr/local/lib64/python3.12/site-packages/pandas/core/arraylike.py", line 60, in __ge__
    return self._cmp_method(other, operator.ge)
           ^^^^^^^^^^^^^^^^^^^^^^^^^^^^^^^^^^^^
  File "/usr/local/lib64/python3.12/site-packages/pandas/core/series.py", line 6119, in _cmp_method
    res_values = ops.comparison_op(lvalues, rvalues, op)
                 ^^^^^^^^^^^^^^^^^^^^^^^^^^^^^^^^^^^^^^^
  File "/usr/local/lib64/python3.12/site-packages/pandas/core/ops/array_ops.py", line 330, in comparison_op
    res_values = op(lvalues, rvalues)
                 ^^^^^^^^^^^^^^^^^^^^
  File "/usr/local/lib64/python3.12/site-packages/pandas/core/ops/common.py", line 76, in new_method
    return method(self, other)
           ^^^^^^^^^^^^^^^^^^^
  File "/usr/local/lib64/python3.12/site-packages/pandas/core/arraylike.py", line 60, in __ge__
    return self._cmp_method(other, operator.ge)
           ^^^^^^^^^^^^^^^^^^^^^^^^^^^^^^^^^^^^
  File "/usr/local/lib64/python3.12/site-packages/pandas/core/arrays/datetimelike.py", line 985, in _cmp_method
    return invalid_comparison(self, other, op)
           ^^^^^^^^^^^^^^^^^^^^^^^^^^^^^^^^^^^
  File "/usr/local/lib64/python3.12/site-packages/pandas/core/ops/invalid.py", line 40, in invalid_comparison
    raise TypeError(f"Invalid comparison between dtype={left.dtype} and {typ}")
TypeError: Invalid comparison between dtype=datetime64[ns] and Timestamp
2025-11-12 21:16:42,071Z - ERROR - Unhandled exception in predict_V19F_to_db
Traceback (most recent call last):
  File "/usr/local/lib64/python3.12/site-packages/pandas/core/arrays/datetimelike.py", line 536, in _validate_comparison_value
    self._check_compatible_with(other)
  File "/usr/local/lib64/python3.12/site-packages/pandas/core/arrays/datetimes.py", line 540, in _check_compatible_with
    self._assert_tzawareness_compat(other)
  File "/usr/local/lib64/python3.12/site-packages/pandas/core/arrays/datetimes.py", line 782, in _assert_tzawareness_compat
    raise TypeError(
TypeError: Cannot compare tz-naive and tz-aware datetime-like objects.

The above exception was the direct cause of the following exception:

Traceback (most recent call last):
  File "/usr/local/lib64/python3.12/site-packages/pandas/core/arrays/datetimelike.py", line 983, in _cmp_method
    other = self._validate_comparison_value(other)
            ^^^^^^^^^^^^^^^^^^^^^^^^^^^^^^^^^^^^^^
  File "/usr/local/lib64/python3.12/site-packages/pandas/core/arrays/datetimelike.py", line 539, in _validate_comparison_value
    raise InvalidComparison(other) from err
pandas.errors.InvalidComparison: 2025-11-12 19:01:00+00:00

During handling of the above exception, another exception occurred:

Traceback (most recent call last):
  File "/home/ilyamus/GPTGROKWORK/AITrainer_V5/predict_V19F_to_db.py", line 1048, in <module>
    main()
  File "/home/ilyamus/GPTGROKWORK/AITrainer_V5/predict_V19F_to_db.py", line 1029, in main
    news = _load_news(engine)
           ^^^^^^^^^^^^^^^^^^
  File "/home/ilyamus/GPTGROKWORK/AITrainer_V5/predict_V19F_to_db.py", line 327, in _load_news
    df = df[(df["timestamp_utc"] >= start_utc) & (df["timestamp_utc"] <= end_utc)].copy()
             ^^^^^^^^^^^^^^^^^^^^^^^^^^^^^^^^
  File "/usr/local/lib64/python3.12/site-packages/pandas/core/ops/common.py", line 76, in new_method
    return method(self, other)
           ^^^^^^^^^^^^^^^^^^^
  File "/usr/local/lib64/python3.12/site-packages/pandas/core/arraylike.py", line 60, in __ge__
    return self._cmp_method(other, operator.ge)
           ^^^^^^^^^^^^^^^^^^^^^^^^^^^^^^^^^^^^
  File "/usr/local/lib64/python3.12/site-packages/pandas/core/series.py", line 6119, in _cmp_method
    res_values = ops.comparison_op(lvalues, rvalues, op)
                 ^^^^^^^^^^^^^^^^^^^^^^^^^^^^^^^^^^^^^^^
  File "/usr/local/lib64/python3.12/site-packages/pandas/core/ops/array_ops.py", line 330, in comparison_op
    res_values = op(lvalues, rvalues)
                 ^^^^^^^^^^^^^^^^^^^^
  File "/usr/local/lib64/python3.12/site-packages/pandas/core/ops/common.py", line 76, in new_method
    return method(self, other)
           ^^^^^^^^^^^^^^^^^^^
  File "/usr/local/lib64/python3.12/site-packages/pandas/core/arraylike.py", line 60, in __ge__
    return self._cmp_method(other, operator.ge)
           ^^^^^^^^^^^^^^^^^^^^^^^^^^^^^^^^^^^^
  File "/usr/local/lib64/python3.12/site-packages/pandas/core/arrays/datetimelike.py", line 985, in _cmp_method
    return invalid_comparison(self, other, op)
           ^^^^^^^^^^^^^^^^^^^^^^^^^^^^^^^^^^^
  File "/usr/local/lib64/python3.12/site-packages/pandas/core/ops/invalid.py", line 40, in invalid_comparison
    raise TypeError(f"Invalid comparison between dtype={left.dtype} and {typ}")
TypeError: Invalid comparison between dtype=datetime64[ns] and Timestamp
2025-11-12 21:18:11,125Z - INFO - Loading rf model from /home/ilyamus/GPTGROKWORK/AITrainer_V5/model_te_direction_rf_15m.pkl
2025-11-12 21:18:12,021Z - INFO - Loading xgb model from /home/ilyamus/GPTGROKWORK/AITrainer_V5/model_te_direction_xgb_15m.pkl
2025-11-12 21:18:12,065Z - INFO - Loading reg model from /home/ilyamus/GPTGROKWORK/AITrainer_V5/model_te_magnitude_xgb_15m.pkl
2025-11-12 21:18:12,083Z - INFO - Loading event label encoder from /home/ilyamus/GPTGROKWORK/AITrainer_V5/label_encoder_event_te_15m.pkl
2025-11-12 21:18:40,647Z - ERROR - Unhandled exception in predict_V19F_to_db
Traceback (most recent call last):
  File "/usr/local/lib64/python3.12/site-packages/pandas/core/arrays/datetimelike.py", line 536, in _validate_comparison_value
    self._check_compatible_with(other)
  File "/usr/local/lib64/python3.12/site-packages/pandas/core/arrays/datetimes.py", line 540, in _check_compatible_with
    self._assert_tzawareness_compat(other)
  File "/usr/local/lib64/python3.12/site-packages/pandas/core/arrays/datetimes.py", line 782, in _assert_tzawareness_compat
    raise TypeError(
TypeError: Cannot compare tz-naive and tz-aware datetime-like objects.

The above exception was the direct cause of the following exception:

Traceback (most recent call last):
  File "/usr/local/lib64/python3.12/site-packages/pandas/core/arrays/datetimelike.py", line 983, in _cmp_method
    other = self._validate_comparison_value(other)
            ^^^^^^^^^^^^^^^^^^^^^^^^^^^^^^^^^^^^^^
  File "/usr/local/lib64/python3.12/site-packages/pandas/core/arrays/datetimelike.py", line 539, in _validate_comparison_value
    raise InvalidComparison(other) from err
pandas.errors.InvalidComparison: 2025-11-12 19:03:00+00:00

During handling of the above exception, another exception occurred:

Traceback (most recent call last):
  File "/home/ilyamus/GPTGROKWORK/AITrainer_V5/predict_V19F_to_db.py", line 1048, in <module>
    main()
  File "/home/ilyamus/GPTGROKWORK/AITrainer_V5/predict_V19F_to_db.py", line 1029, in main
    news = _load_news(engine)
           ^^^^^^^^^^^^^^^^^^
  File "/home/ilyamus/GPTGROKWORK/AITrainer_V5/predict_V19F_to_db.py", line 327, in _load_news
    df = df[(df["timestamp_utc"] >= start_utc) & (df["timestamp_utc"] <= end_utc)].copy()
             ^^^^^^^^^^^^^^^^^^^^^^^^^^^^^^^^
  File "/usr/local/lib64/python3.12/site-packages/pandas/core/ops/common.py", line 76, in new_method
    return method(self, other)
           ^^^^^^^^^^^^^^^^^^^
  File "/usr/local/lib64/python3.12/site-packages/pandas/core/arraylike.py", line 60, in __ge__
    return self._cmp_method(other, operator.ge)
           ^^^^^^^^^^^^^^^^^^^^^^^^^^^^^^^^^^^^
  File "/usr/local/lib64/python3.12/site-packages/pandas/core/series.py", line 6119, in _cmp_method
    res_values = ops.comparison_op(lvalues, rvalues, op)
                 ^^^^^^^^^^^^^^^^^^^^^^^^^^^^^^^^^^^^^^^
  File "/usr/local/lib64/python3.12/site-packages/pandas/core/ops/array_ops.py", line 330, in comparison_op
    res_values = op(lvalues, rvalues)
                 ^^^^^^^^^^^^^^^^^^^^
  File "/usr/local/lib64/python3.12/site-packages/pandas/core/ops/common.py", line 76, in new_method
    return method(self, other)
           ^^^^^^^^^^^^^^^^^^^
  File "/usr/local/lib64/python3.12/site-packages/pandas/core/arraylike.py", line 60, in __ge__
    return self._cmp_method(other, operator.ge)
           ^^^^^^^^^^^^^^^^^^^^^^^^^^^^^^^^^^^^
  File "/usr/local/lib64/python3.12/site-packages/pandas/core/arrays/datetimelike.py", line 985, in _cmp_method
    return invalid_comparison(self, other, op)
           ^^^^^^^^^^^^^^^^^^^^^^^^^^^^^^^^^^^
  File "/usr/local/lib64/python3.12/site-packages/pandas/core/ops/invalid.py", line 40, in invalid_comparison
    raise TypeError(f"Invalid comparison between dtype={left.dtype} and {typ}")
TypeError: Invalid comparison between dtype=datetime64[ns] and Timestamp
2025-11-12 21:20:11,392Z - INFO - Loading rf model from /home/ilyamus/GPTGROKWORK/AITrainer_V5/model_te_direction_rf_15m.pkl
2025-11-12 21:20:12,372Z - INFO - Loading xgb model from /home/ilyamus/GPTGROKWORK/AITrainer_V5/model_te_direction_xgb_15m.pkl
2025-11-12 21:20:12,423Z - INFO - Loading reg model from /home/ilyamus/GPTGROKWORK/AITrainer_V5/model_te_magnitude_xgb_15m.pkl
2025-11-12 21:20:12,449Z - INFO - Loading event label encoder from /home/ilyamus/GPTGROKWORK/AITrainer_V5/label_encoder_event_te_15m.pkl
2025-11-12 21:20:41,673Z - ERROR - Unhandled exception in predict_V19F_to_db
Traceback (most recent call last):
  File "/usr/local/lib64/python3.12/site-packages/pandas/core/arrays/datetimelike.py", line 536, in _validate_comparison_value
    self._check_compatible_with(other)
  File "/usr/local/lib64/python3.12/site-packages/pandas/core/arrays/datetimes.py", line 540, in _check_compatible_with
    self._assert_tzawareness_compat(other)
  File "/usr/local/lib64/python3.12/site-packages/pandas/core/arrays/datetimes.py", line 782, in _assert_tzawareness_compat
    raise TypeError(
TypeError: Cannot compare tz-naive and tz-aware datetime-like objects.

The above exception was the direct cause of the following exception:

Traceback (most recent call last):
  File "/usr/local/lib64/python3.12/site-packages/pandas/core/arrays/datetimelike.py", line 983, in _cmp_method
    other = self._validate_comparison_value(other)
            ^^^^^^^^^^^^^^^^^^^^^^^^^^^^^^^^^^^^^^
  File "/usr/local/lib64/python3.12/site-packages/pandas/core/arrays/datetimelike.py", line 539, in _validate_comparison_value
    raise InvalidComparison(other) from err
pandas.errors.InvalidComparison: 2025-11-12 19:05:00+00:00

During handling of the above exception, another exception occurred:

Traceback (most recent call last):
  File "/home/ilyamus/GPTGROKWORK/AITrainer_V5/predict_V19F_to_db.py", line 1048, in <module>
    main()
  File "/home/ilyamus/GPTGROKWORK/AITrainer_V5/predict_V19F_to_db.py", line 1029, in main
    news = _load_news(engine)
           ^^^^^^^^^^^^^^^^^^
  File "/home/ilyamus/GPTGROKWORK/AITrainer_V5/predict_V19F_to_db.py", line 327, in _load_news
    df = df[(df["timestamp_utc"] >= start_utc) & (df["timestamp_utc"] <= end_utc)].copy()
             ^^^^^^^^^^^^^^^^^^^^^^^^^^^^^^^^
  File "/usr/local/lib64/python3.12/site-packages/pandas/core/ops/common.py", line 76, in new_method
    return method(self, other)
           ^^^^^^^^^^^^^^^^^^^
  File "/usr/local/lib64/python3.12/site-packages/pandas/core/arraylike.py", line 60, in __ge__
    return self._cmp_method(other, operator.ge)
           ^^^^^^^^^^^^^^^^^^^^^^^^^^^^^^^^^^^^
  File "/usr/local/lib64/python3.12/site-packages/pandas/core/series.py", line 6119, in _cmp_method
    res_values = ops.comparison_op(lvalues, rvalues, op)
                 ^^^^^^^^^^^^^^^^^^^^^^^^^^^^^^^^^^^^^^^
  File "/usr/local/lib64/python3.12/site-packages/pandas/core/ops/array_ops.py", line 330, in comparison_op
    res_values = op(lvalues, rvalues)
                 ^^^^^^^^^^^^^^^^^^^^
  File "/usr/local/lib64/python3.12/site-packages/pandas/core/ops/common.py", line 76, in new_method
    return method(self, other)
           ^^^^^^^^^^^^^^^^^^^
  File "/usr/local/lib64/python3.12/site-packages/pandas/core/arraylike.py", line 60, in __ge__
    return self._cmp_method(other, operator.ge)
           ^^^^^^^^^^^^^^^^^^^^^^^^^^^^^^^^^^^^
  File "/usr/local/lib64/python3.12/site-packages/pandas/core/arrays/datetimelike.py", line 985, in _cmp_method
    return invalid_comparison(self, other, op)
           ^^^^^^^^^^^^^^^^^^^^^^^^^^^^^^^^^^^
  File "/usr/local/lib64/python3.12/site-packages/pandas/core/ops/invalid.py", line 40, in invalid_comparison
    raise TypeError(f"Invalid comparison between dtype={left.dtype} and {typ}")
TypeError: Invalid comparison between dtype=datetime64[ns] and Timestamp
2025-11-12 21:22:07,262Z - INFO - Loading rf model from /home/ilyamus/GPTGROKWORK/AITrainer_V5/model_te_direction_rf_15m.pkl
2025-11-12 21:22:08,172Z - INFO - Loading xgb model from /home/ilyamus/GPTGROKWORK/AITrainer_V5/model_te_direction_xgb_15m.pkl
2025-11-12 21:22:08,224Z - INFO - Loading reg model from /home/ilyamus/GPTGROKWORK/AITrainer_V5/model_te_magnitude_xgb_15m.pkl
2025-11-12 21:22:08,243Z - INFO - Loading event label encoder from /home/ilyamus/GPTGROKWORK/AITrainer_V5/label_encoder_event_te_15m.pkl
2025-11-12 21:22:11,887Z - INFO - Loading rf model from /home/ilyamus/GPTGROKWORK/AITrainer_V5/model_te_direction_rf_15m.pkl
2025-11-12 21:22:12,838Z - INFO - Loading xgb model from /home/ilyamus/GPTGROKWORK/AITrainer_V5/model_te_direction_xgb_15m.pkl
2025-11-12 21:22:12,892Z - INFO - Loading reg model from /home/ilyamus/GPTGROKWORK/AITrainer_V5/model_te_magnitude_xgb_15m.pkl
2025-11-12 21:22:12,912Z - INFO - Loading event label encoder from /home/ilyamus/GPTGROKWORK/AITrainer_V5/label_encoder_event_te_15m.pkl
2025-11-12 21:22:36,900Z - ERROR - Unhandled exception in predict_V19F_to_db
Traceback (most recent call last):
  File "/usr/local/lib64/python3.12/site-packages/pandas/core/arrays/datetimelike.py", line 536, in _validate_comparison_value
    self._check_compatible_with(other)
  File "/usr/local/lib64/python3.12/site-packages/pandas/core/arrays/datetimes.py", line 540, in _check_compatible_with
    self._assert_tzawareness_compat(other)
  File "/usr/local/lib64/python3.12/site-packages/pandas/core/arrays/datetimes.py", line 782, in _assert_tzawareness_compat
    raise TypeError(
TypeError: Cannot compare tz-naive and tz-aware datetime-like objects.

The above exception was the direct cause of the following exception:

Traceback (most recent call last):
  File "/usr/local/lib64/python3.12/site-packages/pandas/core/arrays/datetimelike.py", line 983, in _cmp_method
    other = self._validate_comparison_value(other)
            ^^^^^^^^^^^^^^^^^^^^^^^^^^^^^^^^^^^^^^
  File "/usr/local/lib64/python3.12/site-packages/pandas/core/arrays/datetimelike.py", line 539, in _validate_comparison_value
    raise InvalidComparison(other) from err
pandas.errors.InvalidComparison: 2025-11-12 19:22:00+00:00

During handling of the above exception, another exception occurred:

Traceback (most recent call last):
  File "/home/ilyamus/GPTGROKWORK/AITrainer_V5/predict_V19F_to_db.py", line 1037, in <module>
    main()
  File "/home/ilyamus/GPTGROKWORK/AITrainer_V5/predict_V19F_to_db.py", line 1018, in main
    news = _load_news(engine)
           ^^^^^^^^^^^^^^^^^^
  File "/home/ilyamus/GPTGROKWORK/AITrainer_V5/predict_V19F_to_db.py", line 324, in _load_news
    df = df[(df["timestamp_utc"] >= now_utc) & (df["timestamp_utc"] <= end_utc)].copy()
             ^^^^^^^^^^^^^^^^^^^^^^^^^^^^^^
  File "/usr/local/lib64/python3.12/site-packages/pandas/core/ops/common.py", line 76, in new_method
    return method(self, other)
           ^^^^^^^^^^^^^^^^^^^
  File "/usr/local/lib64/python3.12/site-packages/pandas/core/arraylike.py", line 60, in __ge__
    return self._cmp_method(other, operator.ge)
           ^^^^^^^^^^^^^^^^^^^^^^^^^^^^^^^^^^^^
  File "/usr/local/lib64/python3.12/site-packages/pandas/core/series.py", line 6119, in _cmp_method
    res_values = ops.comparison_op(lvalues, rvalues, op)
                 ^^^^^^^^^^^^^^^^^^^^^^^^^^^^^^^^^^^^^^^
  File "/usr/local/lib64/python3.12/site-packages/pandas/core/ops/array_ops.py", line 330, in comparison_op
    res_values = op(lvalues, rvalues)
                 ^^^^^^^^^^^^^^^^^^^^
  File "/usr/local/lib64/python3.12/site-packages/pandas/core/ops/common.py", line 76, in new_method
    return method(self, other)
           ^^^^^^^^^^^^^^^^^^^
  File "/usr/local/lib64/python3.12/site-packages/pandas/core/arraylike.py", line 60, in __ge__
    return self._cmp_method(other, operator.ge)
           ^^^^^^^^^^^^^^^^^^^^^^^^^^^^^^^^^^^^
  File "/usr/local/lib64/python3.12/site-packages/pandas/core/arrays/datetimelike.py", line 985, in _cmp_method
    return invalid_comparison(self, other, op)
           ^^^^^^^^^^^^^^^^^^^^^^^^^^^^^^^^^^^
  File "/usr/local/lib64/python3.12/site-packages/pandas/core/ops/invalid.py", line 40, in invalid_comparison
    raise TypeError(f"Invalid comparison between dtype={left.dtype} and {typ}")
TypeError: Invalid comparison between dtype=datetime64[ns] and Timestamp
2025-11-12 21:22:40,343Z - ERROR - Unhandled exception in predict_V19F_to_db
Traceback (most recent call last):
  File "/usr/local/lib64/python3.12/site-packages/pandas/core/arrays/datetimelike.py", line 536, in _validate_comparison_value
    self._check_compatible_with(other)
  File "/usr/local/lib64/python3.12/site-packages/pandas/core/arrays/datetimes.py", line 540, in _check_compatible_with
    self._assert_tzawareness_compat(other)
  File "/usr/local/lib64/python3.12/site-packages/pandas/core/arrays/datetimes.py", line 782, in _assert_tzawareness_compat
    raise TypeError(
TypeError: Cannot compare tz-naive and tz-aware datetime-like objects.

The above exception was the direct cause of the following exception:

Traceback (most recent call last):
  File "/usr/local/lib64/python3.12/site-packages/pandas/core/arrays/datetimelike.py", line 983, in _cmp_method
    other = self._validate_comparison_value(other)
            ^^^^^^^^^^^^^^^^^^^^^^^^^^^^^^^^^^^^^^
  File "/usr/local/lib64/python3.12/site-packages/pandas/core/arrays/datetimelike.py", line 539, in _validate_comparison_value
    raise InvalidComparison(other) from err
pandas.errors.InvalidComparison: 2025-11-12 19:22:00+00:00

During handling of the above exception, another exception occurred:

Traceback (most recent call last):
  File "/home/ilyamus/GPTGROKWORK/AITrainer_V5/predict_V19F_to_db.py", line 1037, in <module>
    main()
  File "/home/ilyamus/GPTGROKWORK/AITrainer_V5/predict_V19F_to_db.py", line 1018, in main
    news = _load_news(engine)
           ^^^^^^^^^^^^^^^^^^
  File "/home/ilyamus/GPTGROKWORK/AITrainer_V5/predict_V19F_to_db.py", line 324, in _load_news
    df = df[(df["timestamp_utc"] >= now_utc) & (df["timestamp_utc"] <= end_utc)].copy()
             ^^^^^^^^^^^^^^^^^^^^^^^^^^^^^^
  File "/usr/local/lib64/python3.12/site-packages/pandas/core/ops/common.py", line 76, in new_method
    return method(self, other)
           ^^^^^^^^^^^^^^^^^^^
  File "/usr/local/lib64/python3.12/site-packages/pandas/core/arraylike.py", line 60, in __ge__
    return self._cmp_method(other, operator.ge)
           ^^^^^^^^^^^^^^^^^^^^^^^^^^^^^^^^^^^^
  File "/usr/local/lib64/python3.12/site-packages/pandas/core/series.py", line 6119, in _cmp_method
    res_values = ops.comparison_op(lvalues, rvalues, op)
                 ^^^^^^^^^^^^^^^^^^^^^^^^^^^^^^^^^^^^^^^
  File "/usr/local/lib64/python3.12/site-packages/pandas/core/ops/array_ops.py", line 330, in comparison_op
    res_values = op(lvalues, rvalues)
                 ^^^^^^^^^^^^^^^^^^^^
  File "/usr/local/lib64/python3.12/site-packages/pandas/core/ops/common.py", line 76, in new_method
    return method(self, other)
           ^^^^^^^^^^^^^^^^^^^
  File "/usr/local/lib64/python3.12/site-packages/pandas/core/arraylike.py", line 60, in __ge__
    return self._cmp_method(other, operator.ge)
           ^^^^^^^^^^^^^^^^^^^^^^^^^^^^^^^^^^^^
  File "/usr/local/lib64/python3.12/site-packages/pandas/core/arrays/datetimelike.py", line 985, in _cmp_method
    return invalid_comparison(self, other, op)
           ^^^^^^^^^^^^^^^^^^^^^^^^^^^^^^^^^^^
  File "/usr/local/lib64/python3.12/site-packages/pandas/core/ops/invalid.py", line 40, in invalid_comparison
    raise TypeError(f"Invalid comparison between dtype={left.dtype} and {typ}")
TypeError: Invalid comparison between dtype=datetime64[ns] and Timestamp
2025-11-12 21:24:11,280Z - INFO - Loading rf model from /home/ilyamus/GPTGROKWORK/AITrainer_V5/model_te_direction_rf_15m.pkl
2025-11-12 21:24:12,358Z - INFO - Loading xgb model from /home/ilyamus/GPTGROKWORK/AITrainer_V5/model_te_direction_xgb_15m.pkl
2025-11-12 21:24:12,405Z - INFO - Loading reg model from /home/ilyamus/GPTGROKWORK/AITrainer_V5/model_te_magnitude_xgb_15m.pkl
2025-11-12 21:24:12,423Z - INFO - Loading event label encoder from /home/ilyamus/GPTGROKWORK/AITrainer_V5/label_encoder_event_te_15m.pkl
2025-11-12 21:24:39,890Z - ERROR - Unhandled exception in predict_V19F_to_db
Traceback (most recent call last):
  File "/usr/local/lib64/python3.12/site-packages/pandas/core/arrays/datetimelike.py", line 536, in _validate_comparison_value
    self._check_compatible_with(other)
  File "/usr/local/lib64/python3.12/site-packages/pandas/core/arrays/datetimes.py", line 540, in _check_compatible_with
    self._assert_tzawareness_compat(other)
  File "/usr/local/lib64/python3.12/site-packages/pandas/core/arrays/datetimes.py", line 782, in _assert_tzawareness_compat
    raise TypeError(
TypeError: Cannot compare tz-naive and tz-aware datetime-like objects.

The above exception was the direct cause of the following exception:

Traceback (most recent call last):
  File "/usr/local/lib64/python3.12/site-packages/pandas/core/arrays/datetimelike.py", line 983, in _cmp_method
    other = self._validate_comparison_value(other)
            ^^^^^^^^^^^^^^^^^^^^^^^^^^^^^^^^^^^^^^
  File "/usr/local/lib64/python3.12/site-packages/pandas/core/arrays/datetimelike.py", line 539, in _validate_comparison_value
    raise InvalidComparison(other) from err
pandas.errors.InvalidComparison: 2025-11-12 19:24:00+00:00

During handling of the above exception, another exception occurred:

Traceback (most recent call last):
  File "/home/ilyamus/GPTGROKWORK/AITrainer_V5/predict_V19F_to_db.py", line 1037, in <module>
    main()
  File "/home/ilyamus/GPTGROKWORK/AITrainer_V5/predict_V19F_to_db.py", line 1018, in main
    news = _load_news(engine)
           ^^^^^^^^^^^^^^^^^^
  File "/home/ilyamus/GPTGROKWORK/AITrainer_V5/predict_V19F_to_db.py", line 324, in _load_news
    df = df[(df["timestamp_utc"] >= now_utc) & (df["timestamp_utc"] <= end_utc)].copy()
             ^^^^^^^^^^^^^^^^^^^^^^^^^^^^^^
  File "/usr/local/lib64/python3.12/site-packages/pandas/core/ops/common.py", line 76, in new_method
    return method(self, other)
           ^^^^^^^^^^^^^^^^^^^
  File "/usr/local/lib64/python3.12/site-packages/pandas/core/arraylike.py", line 60, in __ge__
    return self._cmp_method(other, operator.ge)
           ^^^^^^^^^^^^^^^^^^^^^^^^^^^^^^^^^^^^
  File "/usr/local/lib64/python3.12/site-packages/pandas/core/series.py", line 6119, in _cmp_method
    res_values = ops.comparison_op(lvalues, rvalues, op)
                 ^^^^^^^^^^^^^^^^^^^^^^^^^^^^^^^^^^^^^^^
  File "/usr/local/lib64/python3.12/site-packages/pandas/core/ops/array_ops.py", line 330, in comparison_op
    res_values = op(lvalues, rvalues)
                 ^^^^^^^^^^^^^^^^^^^^
  File "/usr/local/lib64/python3.12/site-packages/pandas/core/ops/common.py", line 76, in new_method
    return method(self, other)
           ^^^^^^^^^^^^^^^^^^^
  File "/usr/local/lib64/python3.12/site-packages/pandas/core/arraylike.py", line 60, in __ge__
    return self._cmp_method(other, operator.ge)
           ^^^^^^^^^^^^^^^^^^^^^^^^^^^^^^^^^^^^
  File "/usr/local/lib64/python3.12/site-packages/pandas/core/arrays/datetimelike.py", line 985, in _cmp_method
    return invalid_comparison(self, other, op)
           ^^^^^^^^^^^^^^^^^^^^^^^^^^^^^^^^^^^
  File "/usr/local/lib64/python3.12/site-packages/pandas/core/ops/invalid.py", line 40, in invalid_comparison
    raise TypeError(f"Invalid comparison between dtype={left.dtype} and {typ}")
TypeError: Invalid comparison between dtype=datetime64[ns] and Timestamp
2025-11-12 21:25:20,690Z - INFO - Loading rf model from /home/ilyamus/GPTGROKWORK/AITrainer_V5/model_te_direction_rf_15m.pkl
2025-11-12 21:25:21,687Z - INFO - Loading xgb model from /home/ilyamus/GPTGROKWORK/AITrainer_V5/model_te_direction_xgb_15m.pkl
2025-11-12 21:25:21,736Z - INFO - Loading reg model from /home/ilyamus/GPTGROKWORK/AITrainer_V5/model_te_magnitude_xgb_15m.pkl
2025-11-12 21:25:21,754Z - INFO - Loading event label encoder from /home/ilyamus/GPTGROKWORK/AITrainer_V5/label_encoder_event_te_15m.pkl
2025-11-12 21:25:51,881Z - ERROR - Unhandled exception in predict_V19F_to_db
Traceback (most recent call last):
  File "/usr/local/lib64/python3.12/site-packages/pandas/core/arrays/datetimelike.py", line 536, in _validate_comparison_value
    self._check_compatible_with(other)
  File "/usr/local/lib64/python3.12/site-packages/pandas/core/arrays/datetimes.py", line 540, in _check_compatible_with
    self._assert_tzawareness_compat(other)
  File "/usr/local/lib64/python3.12/site-packages/pandas/core/arrays/datetimes.py", line 782, in _assert_tzawareness_compat
    raise TypeError(
TypeError: Cannot compare tz-naive and tz-aware datetime-like objects.

The above exception was the direct cause of the following exception:

Traceback (most recent call last):
  File "/usr/local/lib64/python3.12/site-packages/pandas/core/arrays/datetimelike.py", line 983, in _cmp_method
    other = self._validate_comparison_value(other)
            ^^^^^^^^^^^^^^^^^^^^^^^^^^^^^^^^^^^^^^
  File "/usr/local/lib64/python3.12/site-packages/pandas/core/arrays/datetimelike.py", line 539, in _validate_comparison_value
    raise InvalidComparison(other) from err
pandas.errors.InvalidComparison: 2025-11-12 19:10:00+00:00

During handling of the above exception, another exception occurred:

Traceback (most recent call last):
  File "/home/ilyamus/GPTGROKWORK/AITrainer_V5/predict_V19F_to_db.py", line 1051, in <module>
    main()
  File "/home/ilyamus/GPTGROKWORK/AITrainer_V5/predict_V19F_to_db.py", line 1032, in main
    news = _load_news(engine)
           ^^^^^^^^^^^^^^^^^^
  File "/home/ilyamus/GPTGROKWORK/AITrainer_V5/predict_V19F_to_db.py", line 326, in _load_news
    df = df[(df["timestamp_utc"] >= start_utc) & (df["timestamp_utc"] <= end_utc)].copy()
             ^^^^^^^^^^^^^^^^^^^^^^^^^^^^^^^^
  File "/usr/local/lib64/python3.12/site-packages/pandas/core/ops/common.py", line 76, in new_method
    return method(self, other)
           ^^^^^^^^^^^^^^^^^^^
  File "/usr/local/lib64/python3.12/site-packages/pandas/core/arraylike.py", line 60, in __ge__
    return self._cmp_method(other, operator.ge)
           ^^^^^^^^^^^^^^^^^^^^^^^^^^^^^^^^^^^^
  File "/usr/local/lib64/python3.12/site-packages/pandas/core/series.py", line 6119, in _cmp_method
    res_values = ops.comparison_op(lvalues, rvalues, op)
                 ^^^^^^^^^^^^^^^^^^^^^^^^^^^^^^^^^^^^^^^
  File "/usr/local/lib64/python3.12/site-packages/pandas/core/ops/array_ops.py", line 330, in comparison_op
    res_values = op(lvalues, rvalues)
                 ^^^^^^^^^^^^^^^^^^^^
  File "/usr/local/lib64/python3.12/site-packages/pandas/core/ops/common.py", line 76, in new_method
    return method(self, other)
           ^^^^^^^^^^^^^^^^^^^
  File "/usr/local/lib64/python3.12/site-packages/pandas/core/arraylike.py", line 60, in __ge__
    return self._cmp_method(other, operator.ge)
           ^^^^^^^^^^^^^^^^^^^^^^^^^^^^^^^^^^^^
  File "/usr/local/lib64/python3.12/site-packages/pandas/core/arrays/datetimelike.py", line 985, in _cmp_method
    return invalid_comparison(self, other, op)
           ^^^^^^^^^^^^^^^^^^^^^^^^^^^^^^^^^^^
  File "/usr/local/lib64/python3.12/site-packages/pandas/core/ops/invalid.py", line 40, in invalid_comparison
    raise TypeError(f"Invalid comparison between dtype={left.dtype} and {typ}")
TypeError: Invalid comparison between dtype=datetime64[ns] and Timestamp
